[2025-10-04 03:24:13] local.INFO: Error class IntercomCfeService: Undefined property: stdClass::$nombre_cientific  
[2025-10-04 03:24:13] local.INFO: Error class IntercomCfeService: Undefined property: stdClass::$nombre_cientific  
[2025-10-04 03:25:11] local.INFO: Error class IntercomCfeService: Undefined property: stdClass::$nombre_cientific  
[2025-10-04 03:25:11] local.INFO: Error class IntercomCfeService: Undefined property: stdClass::$nombre_cientific  
[2025-10-04 03:26:11] local.INFO: Error class IntercomCfeService: Undefined property: stdClass::$nombre_cientific  
[2025-10-04 03:26:11] local.INFO: Error class IntercomCfeService: Undefined property: stdClass::$nombre_cientific  
[2025-10-04 03:27:12] local.INFO: Error class IntercomCfeService: Undefined property: stdClass::$nombre_cientific  
[2025-10-04 03:27:12] local.INFO: Error class IntercomCfeService: Undefined property: stdClass::$nombre_cientific  
[2025-10-04 03:28:12] local.INFO: Error class IntercomCfeService: Undefined property: stdClass::$nombre_cientific  
[2025-10-04 03:28:12] local.INFO: Error class IntercomCfeService: Undefined property: stdClass::$nombre_cientific  
[2025-10-04 03:29:10] local.INFO: Error class IntercomCfeService: Undefined property: stdClass::$nombre_cientific  
[2025-10-04 03:29:10] local.INFO: Error class IntercomCfeService: Undefined property: stdClass::$nombre_cientific  
[2025-10-04 03:30:10] local.INFO: Error class IntercomCfeService: Undefined property: stdClass::$nombre_cientific  
[2025-10-04 03:30:10] local.INFO: Error class IntercomCfeService: Undefined property: stdClass::$nombre_cientific  
[2025-10-04 03:31:10] local.INFO: Error class IntercomCfeService: Undefined property: stdClass::$nombre_cientific  
[2025-10-04 03:31:10] local.INFO: Error class IntercomCfeService: Undefined property: stdClass::$nombre_cientific  
[2025-10-04 03:32:11] local.INFO: Error class IntercomCfeService: Undefined property: stdClass::$nombre_cientific  
[2025-10-04 03:32:11] local.INFO: Error class IntercomCfeService: Undefined property: stdClass::$nombre_cientific  
[2025-10-04 03:33:11] local.INFO: Error class IntercomCfeService: Undefined property: stdClass::$nombre_cientific  
[2025-10-04 03:33:11] local.INFO: Error class IntercomCfeService: Undefined property: stdClass::$nombre_cientific  
[2025-10-04 03:34:12] local.INFO: Error class IntercomCfeService: Undefined property: stdClass::$nombre_cientific  
[2025-10-04 03:34:12] local.INFO: Error class IntercomCfeService: Undefined property: stdClass::$nombre_cientific  
[2025-10-04 03:35:12] local.INFO: Error class IntercomCfeService: Undefined property: stdClass::$nombre_cientific  
[2025-10-04 03:35:12] local.INFO: Error class IntercomCfeService: Undefined property: stdClass::$nombre_cientific  
[2025-10-04 03:40:21] local.INFO: Error class IntercomCfeService: Undefined property: stdClass::$nombre_cientific  
[2025-10-04 03:40:21] local.INFO: Error class IntercomCfeService: Undefined property: stdClass::$nombre_cientific  
[2025-10-04 03:41:12] local.INFO: Error class IntercomCfeService: Undefined property: stdClass::$nombre_cientific  
[2025-10-04 03:41:12] local.INFO: Error class IntercomCfeService: Undefined property: stdClass::$nombre_cientific  
[2025-10-04 03:42:13] local.INFO: Error class IntercomCfeService: Undefined property: stdClass::$nombre_cientific  
[2025-10-04 03:42:13] local.INFO: Error class IntercomCfeService: Undefined property: stdClass::$nombre_cientific  
[2025-10-04 03:43:10] local.INFO: Error class IntercomCfeService: Undefined property: stdClass::$nombre_cientific  
[2025-10-04 03:43:10] local.INFO: Error class IntercomCfeService: Undefined property: stdClass::$nombre_cientific  
[2025-10-04 03:44:10] local.INFO: Error class IntercomCfeService: Undefined property: stdClass::$nombre_cientific  
[2025-10-04 03:44:10] local.INFO: Error class IntercomCfeService: Undefined property: stdClass::$nombre_cientific  
[2025-10-04 03:45:11] local.INFO: Error class IntercomCfeService: Undefined property: stdClass::$nombre_cientific  
[2025-10-04 03:45:11] local.INFO: Error class IntercomCfeService: Undefined property: stdClass::$nombre_cientific  
[2025-10-04 03:46:11] local.INFO: Error class IntercomCfeService: Undefined property: stdClass::$nombre_cientific  
[2025-10-04 03:46:11] local.INFO: Error class IntercomCfeService: Undefined property: stdClass::$nombre_cientific  
[2025-10-04 03:47:12] local.INFO: Error class IntercomCfeService: Undefined property: stdClass::$nombre_cientific  
[2025-10-04 03:47:12] local.INFO: Error class IntercomCfeService: Undefined property: stdClass::$nombre_cientific  
[2025-10-04 03:48:12] local.INFO: Error class IntercomCfeService: Undefined property: stdClass::$nombre_cientific  
[2025-10-04 03:48:12] local.INFO: Error class IntercomCfeService: Undefined property: stdClass::$nombre_cientific  
[2025-10-04 03:49:10] local.INFO: Error class IntercomCfeService: Undefined property: stdClass::$nombre_cientific  
[2025-10-04 03:49:10] local.INFO: Error class IntercomCfeService: Undefined property: stdClass::$nombre_cientific  
[2025-10-04 03:50:10] local.INFO: Error class IntercomCfeService: Undefined property: stdClass::$nombre_cientific  
[2025-10-04 03:50:10] local.INFO: Error class IntercomCfeService: Undefined property: stdClass::$nombre_cientific  
[2025-10-04 03:51:11] local.INFO: Error class IntercomCfeService: Undefined property: stdClass::$nombre_cientific  
[2025-10-04 03:51:11] local.INFO: Error class IntercomCfeService: Undefined property: stdClass::$nombre_cientific  
[2025-10-04 03:52:12] local.INFO: Error class IntercomCfeService: Undefined property: stdClass::$nombre_cientific  
[2025-10-04 03:52:12] local.INFO: Error class IntercomCfeService: Undefined property: stdClass::$nombre_cientific  
[2025-10-04 03:53:12] local.INFO: Error class IntercomCfeService: Undefined property: stdClass::$nombre_cientific  
[2025-10-04 03:53:12] local.INFO: Error class IntercomCfeService: Undefined property: stdClass::$nombre_cientific  
[2025-10-04 03:54:13] local.INFO: Error class IntercomCfeService: Undefined property: stdClass::$nombre_cientific  
[2025-10-04 03:54:13] local.INFO: Error class IntercomCfeService: Undefined property: stdClass::$nombre_cientific  
[2025-10-04 03:55:10] local.INFO: Error class IntercomCfeService: Undefined property: stdClass::$nombre_cientific  
[2025-10-04 03:55:10] local.INFO: Error class IntercomCfeService: Undefined property: stdClass::$nombre_cientific  
[2025-10-04 03:55:25] local.ERROR: There are no commands defined in the "ide-helper" namespace. {"exception":"[object] (Symfony\\Component\\Console\\Exception\\NamespaceNotFoundException(code: 0): There are no commands defined in the \"ide-helper\" namespace. at C:\\Agrocalidad\\Aplicaciones\\interoperabilidad_intercom\\vendor\\symfony\\console\\Application.php:660)
[stacktrace]
#0 C:\\Agrocalidad\\Aplicaciones\\interoperabilidad_intercom\\vendor\\symfony\\console\\Application.php(709): Symfony\\Component\\Console\\Application->findNamespace('ide-helper')
#1 C:\\Agrocalidad\\Aplicaciones\\interoperabilidad_intercom\\vendor\\symfony\\console\\Application.php(284): Symfony\\Component\\Console\\Application->find('ide-helper:gene...')
#2 C:\\Agrocalidad\\Aplicaciones\\interoperabilidad_intercom\\vendor\\symfony\\console\\Application.php(193): Symfony\\Component\\Console\\Application->doRun(Object(Symfony\\Component\\Console\\Input\\ArgvInput), Object(Symfony\\Component\\Console\\Output\\ConsoleOutput))
#3 C:\\Agrocalidad\\Aplicaciones\\interoperabilidad_intercom\\vendor\\laravel\\framework\\src\\Illuminate\\Foundation\\Console\\Kernel.php(197): Symfony\\Component\\Console\\Application->run(Object(Symfony\\Component\\Console\\Input\\ArgvInput), Object(Symfony\\Component\\Console\\Output\\ConsoleOutput))
#4 C:\\Agrocalidad\\Aplicaciones\\interoperabilidad_intercom\\vendor\\laravel\\framework\\src\\Illuminate\\Foundation\\Application.php(1205): Illuminate\\Foundation\\Console\\Kernel->handle(Object(Symfony\\Component\\Console\\Input\\ArgvInput), Object(Symfony\\Component\\Console\\Output\\ConsoleOutput))
#5 C:\\Agrocalidad\\Aplicaciones\\interoperabilidad_intercom\\artisan(13): Illuminate\\Foundation\\Application->handleCommand(Object(Symfony\\Component\\Console\\Input\\ArgvInput))
#6 {main}
"} 
[2025-10-04 03:55:39] local.ERROR: There are no commands defined in the "ide-helper" namespace. {"exception":"[object] (Symfony\\Component\\Console\\Exception\\NamespaceNotFoundException(code: 0): There are no commands defined in the \"ide-helper\" namespace. at C:\\Agrocalidad\\Aplicaciones\\interoperabilidad_intercom\\vendor\\symfony\\console\\Application.php:660)
[stacktrace]
#0 C:\\Agrocalidad\\Aplicaciones\\interoperabilidad_intercom\\vendor\\symfony\\console\\Application.php(709): Symfony\\Component\\Console\\Application->findNamespace('ide-helper')
#1 C:\\Agrocalidad\\Aplicaciones\\interoperabilidad_intercom\\vendor\\symfony\\console\\Application.php(284): Symfony\\Component\\Console\\Application->find('ide-helper:gene...')
#2 C:\\Agrocalidad\\Aplicaciones\\interoperabilidad_intercom\\vendor\\symfony\\console\\Application.php(193): Symfony\\Component\\Console\\Application->doRun(Object(Symfony\\Component\\Console\\Input\\ArgvInput), Object(Symfony\\Component\\Console\\Output\\ConsoleOutput))
#3 C:\\Agrocalidad\\Aplicaciones\\interoperabilidad_intercom\\vendor\\laravel\\framework\\src\\Illuminate\\Foundation\\Console\\Kernel.php(197): Symfony\\Component\\Console\\Application->run(Object(Symfony\\Component\\Console\\Input\\ArgvInput), Object(Symfony\\Component\\Console\\Output\\ConsoleOutput))
#4 C:\\Agrocalidad\\Aplicaciones\\interoperabilidad_intercom\\vendor\\laravel\\framework\\src\\Illuminate\\Foundation\\Application.php(1205): Illuminate\\Foundation\\Console\\Kernel->handle(Object(Symfony\\Component\\Console\\Input\\ArgvInput), Object(Symfony\\Component\\Console\\Output\\ConsoleOutput))
#5 C:\\Agrocalidad\\Aplicaciones\\interoperabilidad_intercom\\artisan(13): Illuminate\\Foundation\\Application->handleCommand(Object(Symfony\\Component\\Console\\Input\\ArgvInput))
#6 {main}
"} 
[2025-10-04 03:56:57] local.INFO: Error class IntercomCfeService: Undefined property: stdClass::$nombre_cientific  
[2025-10-04 03:56:57] local.INFO: Error class IntercomCfeService: Undefined property: stdClass::$nombre_cientific  
[2025-10-04 03:57:09] local.INFO: Error class IntercomCfeService: Undefined property: stdClass::$nombre_cientific  
[2025-10-04 03:57:09] local.INFO: Error class IntercomCfeService: Undefined property: stdClass::$nombre_cientific  
[2025-10-04 03:58:13] local.INFO: Error class IntercomCfeService: Undefined property: stdClass::$nombre_cientific  
[2025-10-04 03:58:13] local.INFO: Error class IntercomCfeService: Undefined property: stdClass::$nombre_cientific  
[2025-10-04 03:58:57] local.ERROR: There are no commands defined in the "ide-helper" namespace. {"exception":"[object] (Symfony\\Component\\Console\\Exception\\NamespaceNotFoundException(code: 0): There are no commands defined in the \"ide-helper\" namespace. at C:\\Agrocalidad\\Aplicaciones\\interoperabilidad_intercom\\vendor\\symfony\\console\\Application.php:660)
[stacktrace]
#0 C:\\Agrocalidad\\Aplicaciones\\interoperabilidad_intercom\\vendor\\symfony\\console\\Application.php(709): Symfony\\Component\\Console\\Application->findNamespace('ide-helper')
#1 C:\\Agrocalidad\\Aplicaciones\\interoperabilidad_intercom\\vendor\\symfony\\console\\Application.php(284): Symfony\\Component\\Console\\Application->find('ide-helper:gene...')
#2 C:\\Agrocalidad\\Aplicaciones\\interoperabilidad_intercom\\vendor\\symfony\\console\\Application.php(193): Symfony\\Component\\Console\\Application->doRun(Object(Symfony\\Component\\Console\\Input\\ArgvInput), Object(Symfony\\Component\\Console\\Output\\ConsoleOutput))
#3 C:\\Agrocalidad\\Aplicaciones\\interoperabilidad_intercom\\vendor\\laravel\\framework\\src\\Illuminate\\Foundation\\Console\\Kernel.php(197): Symfony\\Component\\Console\\Application->run(Object(Symfony\\Component\\Console\\Input\\ArgvInput), Object(Symfony\\Component\\Console\\Output\\ConsoleOutput))
#4 C:\\Agrocalidad\\Aplicaciones\\interoperabilidad_intercom\\vendor\\laravel\\framework\\src\\Illuminate\\Foundation\\Application.php(1205): Illuminate\\Foundation\\Console\\Kernel->handle(Object(Symfony\\Component\\Console\\Input\\ArgvInput), Object(Symfony\\Component\\Console\\Output\\ConsoleOutput))
#5 C:\\Agrocalidad\\Aplicaciones\\interoperabilidad_intercom\\artisan(13): Illuminate\\Foundation\\Application->handleCommand(Object(Symfony\\Component\\Console\\Input\\ArgvInput))
#6 {main}
"} 
[2025-10-04 03:59:10] local.INFO: Error class IntercomCfeService: Undefined property: stdClass::$nombre_cientific  
[2025-10-04 03:59:10] local.INFO: Error class IntercomCfeService: Undefined property: stdClass::$nombre_cientific  
[2025-10-04 03:59:27] local.ERROR: There are no commands defined in the "ide-helper" namespace. {"exception":"[object] (Symfony\\Component\\Console\\Exception\\NamespaceNotFoundException(code: 0): There are no commands defined in the \"ide-helper\" namespace. at C:\\Agrocalidad\\Aplicaciones\\interoperabilidad_intercom\\vendor\\symfony\\console\\Application.php:660)
[stacktrace]
#0 C:\\Agrocalidad\\Aplicaciones\\interoperabilidad_intercom\\vendor\\symfony\\console\\Application.php(709): Symfony\\Component\\Console\\Application->findNamespace('ide-helper')
#1 C:\\Agrocalidad\\Aplicaciones\\interoperabilidad_intercom\\vendor\\symfony\\console\\Application.php(284): Symfony\\Component\\Console\\Application->find('ide-helper:gene...')
#2 C:\\Agrocalidad\\Aplicaciones\\interoperabilidad_intercom\\vendor\\symfony\\console\\Application.php(193): Symfony\\Component\\Console\\Application->doRun(Object(Symfony\\Component\\Console\\Input\\ArgvInput), Object(Symfony\\Component\\Console\\Output\\ConsoleOutput))
#3 C:\\Agrocalidad\\Aplicaciones\\interoperabilidad_intercom\\vendor\\laravel\\framework\\src\\Illuminate\\Foundation\\Console\\Kernel.php(197): Symfony\\Component\\Console\\Application->run(Object(Symfony\\Component\\Console\\Input\\ArgvInput), Object(Symfony\\Component\\Console\\Output\\ConsoleOutput))
#4 C:\\Agrocalidad\\Aplicaciones\\interoperabilidad_intercom\\vendor\\laravel\\framework\\src\\Illuminate\\Foundation\\Application.php(1205): Illuminate\\Foundation\\Console\\Kernel->handle(Object(Symfony\\Component\\Console\\Input\\ArgvInput), Object(Symfony\\Component\\Console\\Output\\ConsoleOutput))
#5 C:\\Agrocalidad\\Aplicaciones\\interoperabilidad_intercom\\artisan(13): Illuminate\\Foundation\\Application->handleCommand(Object(Symfony\\Component\\Console\\Input\\ArgvInput))
#6 {main}
"} 
[2025-10-04 04:00:11] local.ERROR: There are no commands defined in the "ide-helper" namespace. {"exception":"[object] (Symfony\\Component\\Console\\Exception\\NamespaceNotFoundException(code: 0): There are no commands defined in the \"ide-helper\" namespace. at C:\\Agrocalidad\\Aplicaciones\\interoperabilidad_intercom\\vendor\\symfony\\console\\Application.php:660)
[stacktrace]
#0 C:\\Agrocalidad\\Aplicaciones\\interoperabilidad_intercom\\vendor\\symfony\\console\\Application.php(709): Symfony\\Component\\Console\\Application->findNamespace('ide-helper')
#1 C:\\Agrocalidad\\Aplicaciones\\interoperabilidad_intercom\\vendor\\symfony\\console\\Application.php(284): Symfony\\Component\\Console\\Application->find('ide-helper:gene...')
#2 C:\\Agrocalidad\\Aplicaciones\\interoperabilidad_intercom\\vendor\\symfony\\console\\Application.php(193): Symfony\\Component\\Console\\Application->doRun(Object(Symfony\\Component\\Console\\Input\\ArgvInput), Object(Symfony\\Component\\Console\\Output\\ConsoleOutput))
#3 C:\\Agrocalidad\\Aplicaciones\\interoperabilidad_intercom\\vendor\\laravel\\framework\\src\\Illuminate\\Foundation\\Console\\Kernel.php(197): Symfony\\Component\\Console\\Application->run(Object(Symfony\\Component\\Console\\Input\\ArgvInput), Object(Symfony\\Component\\Console\\Output\\ConsoleOutput))
#4 C:\\Agrocalidad\\Aplicaciones\\interoperabilidad_intercom\\vendor\\laravel\\framework\\src\\Illuminate\\Foundation\\Application.php(1205): Illuminate\\Foundation\\Console\\Kernel->handle(Object(Symfony\\Component\\Console\\Input\\ArgvInput), Object(Symfony\\Component\\Console\\Output\\ConsoleOutput))
#5 C:\\Agrocalidad\\Aplicaciones\\interoperabilidad_intercom\\artisan(13): Illuminate\\Foundation\\Application->handleCommand(Object(Symfony\\Component\\Console\\Input\\ArgvInput))
#6 {main}
"} 
[2025-10-04 04:00:23] local.INFO: Error class IntercomCfeService: Undefined property: stdClass::$nombre_cientific  
[2025-10-04 04:00:23] local.INFO: Error class IntercomCfeService: Undefined property: stdClass::$nombre_cientific  
[2025-10-04 04:01:12] local.INFO: Error class IntercomCfeService: Undefined property: stdClass::$nombre_cientific  
[2025-10-04 04:01:12] local.INFO: Error class IntercomCfeService: Undefined property: stdClass::$nombre_cientific  
[2025-10-04 04:01:27] local.ERROR: There are no commands defined in the "ide-helper" namespace. {"exception":"[object] (Symfony\\Component\\Console\\Exception\\NamespaceNotFoundException(code: 0): There are no commands defined in the \"ide-helper\" namespace. at C:\\Agrocalidad\\Aplicaciones\\interoperabilidad_intercom\\vendor\\symfony\\console\\Application.php:660)
[stacktrace]
#0 C:\\Agrocalidad\\Aplicaciones\\interoperabilidad_intercom\\vendor\\symfony\\console\\Application.php(709): Symfony\\Component\\Console\\Application->findNamespace('ide-helper')
#1 C:\\Agrocalidad\\Aplicaciones\\interoperabilidad_intercom\\vendor\\symfony\\console\\Application.php(284): Symfony\\Component\\Console\\Application->find('ide-helper:gene...')
#2 C:\\Agrocalidad\\Aplicaciones\\interoperabilidad_intercom\\vendor\\symfony\\console\\Application.php(193): Symfony\\Component\\Console\\Application->doRun(Object(Symfony\\Component\\Console\\Input\\ArgvInput), Object(Symfony\\Component\\Console\\Output\\ConsoleOutput))
#3 C:\\Agrocalidad\\Aplicaciones\\interoperabilidad_intercom\\vendor\\laravel\\framework\\src\\Illuminate\\Foundation\\Console\\Kernel.php(197): Symfony\\Component\\Console\\Application->run(Object(Symfony\\Component\\Console\\Input\\ArgvInput), Object(Symfony\\Component\\Console\\Output\\ConsoleOutput))
#4 C:\\Agrocalidad\\Aplicaciones\\interoperabilidad_intercom\\vendor\\laravel\\framework\\src\\Illuminate\\Foundation\\Application.php(1205): Illuminate\\Foundation\\Console\\Kernel->handle(Object(Symfony\\Component\\Console\\Input\\ArgvInput), Object(Symfony\\Component\\Console\\Output\\ConsoleOutput))
#5 C:\\Agrocalidad\\Aplicaciones\\interoperabilidad_intercom\\artisan(13): Illuminate\\Foundation\\Application->handleCommand(Object(Symfony\\Component\\Console\\Input\\ArgvInput))
#6 {main}
"} 
[2025-10-04 04:02:12] local.INFO: Error class IntercomCfeService: Undefined property: stdClass::$nombre_cientific  
[2025-10-04 04:02:12] local.INFO: Error class IntercomCfeService: Undefined property: stdClass::$nombre_cientific  
[2025-10-04 04:03:07] local.ERROR: There are no commands defined in the "ide-helper" namespace. {"exception":"[object] (Symfony\\Component\\Console\\Exception\\NamespaceNotFoundException(code: 0): There are no commands defined in the \"ide-helper\" namespace. at C:\\Agrocalidad\\Aplicaciones\\interoperabilidad_intercom\\vendor\\symfony\\console\\Application.php:660)
[stacktrace]
#0 C:\\Agrocalidad\\Aplicaciones\\interoperabilidad_intercom\\vendor\\symfony\\console\\Application.php(709): Symfony\\Component\\Console\\Application->findNamespace('ide-helper')
#1 C:\\Agrocalidad\\Aplicaciones\\interoperabilidad_intercom\\vendor\\symfony\\console\\Application.php(284): Symfony\\Component\\Console\\Application->find('ide-helper:gene...')
#2 C:\\Agrocalidad\\Aplicaciones\\interoperabilidad_intercom\\vendor\\symfony\\console\\Application.php(193): Symfony\\Component\\Console\\Application->doRun(Object(Symfony\\Component\\Console\\Input\\ArgvInput), Object(Symfony\\Component\\Console\\Output\\ConsoleOutput))
#3 C:\\Agrocalidad\\Aplicaciones\\interoperabilidad_intercom\\vendor\\laravel\\framework\\src\\Illuminate\\Foundation\\Console\\Kernel.php(197): Symfony\\Component\\Console\\Application->run(Object(Symfony\\Component\\Console\\Input\\ArgvInput), Object(Symfony\\Component\\Console\\Output\\ConsoleOutput))
#4 C:\\Agrocalidad\\Aplicaciones\\interoperabilidad_intercom\\vendor\\laravel\\framework\\src\\Illuminate\\Foundation\\Application.php(1205): Illuminate\\Foundation\\Console\\Kernel->handle(Object(Symfony\\Component\\Console\\Input\\ArgvInput), Object(Symfony\\Component\\Console\\Output\\ConsoleOutput))
#5 C:\\Agrocalidad\\Aplicaciones\\interoperabilidad_intercom\\artisan(13): Illuminate\\Foundation\\Application->handleCommand(Object(Symfony\\Component\\Console\\Input\\ArgvInput))
#6 {main}
"} 
[2025-10-04 04:03:13] local.INFO: Error class IntercomCfeService: Undefined property: stdClass::$nombre_cientific  
[2025-10-04 04:03:13] local.INFO: Error class IntercomCfeService: Undefined property: stdClass::$nombre_cientific  
[2025-10-04 04:03:34] local.ERROR: There are no commands defined in the "ide-helper" namespace. {"exception":"[object] (Symfony\\Component\\Console\\Exception\\NamespaceNotFoundException(code: 0): There are no commands defined in the \"ide-helper\" namespace. at C:\\Agrocalidad\\Aplicaciones\\interoperabilidad_intercom\\vendor\\symfony\\console\\Application.php:660)
[stacktrace]
#0 C:\\Agrocalidad\\Aplicaciones\\interoperabilidad_intercom\\vendor\\symfony\\console\\Application.php(709): Symfony\\Component\\Console\\Application->findNamespace('ide-helper')
#1 C:\\Agrocalidad\\Aplicaciones\\interoperabilidad_intercom\\vendor\\symfony\\console\\Application.php(284): Symfony\\Component\\Console\\Application->find('ide-helper:gene...')
#2 C:\\Agrocalidad\\Aplicaciones\\interoperabilidad_intercom\\vendor\\symfony\\console\\Application.php(193): Symfony\\Component\\Console\\Application->doRun(Object(Symfony\\Component\\Console\\Input\\ArgvInput), Object(Symfony\\Component\\Console\\Output\\ConsoleOutput))
#3 C:\\Agrocalidad\\Aplicaciones\\interoperabilidad_intercom\\vendor\\laravel\\framework\\src\\Illuminate\\Foundation\\Console\\Kernel.php(197): Symfony\\Component\\Console\\Application->run(Object(Symfony\\Component\\Console\\Input\\ArgvInput), Object(Symfony\\Component\\Console\\Output\\ConsoleOutput))
#4 C:\\Agrocalidad\\Aplicaciones\\interoperabilidad_intercom\\vendor\\laravel\\framework\\src\\Illuminate\\Foundation\\Application.php(1205): Illuminate\\Foundation\\Console\\Kernel->handle(Object(Symfony\\Component\\Console\\Input\\ArgvInput), Object(Symfony\\Component\\Console\\Output\\ConsoleOutput))
#5 C:\\Agrocalidad\\Aplicaciones\\interoperabilidad_intercom\\artisan(13): Illuminate\\Foundation\\Application->handleCommand(Object(Symfony\\Component\\Console\\Input\\ArgvInput))
#6 {main}
"} 
[2025-10-04 04:04:10] local.INFO: Error class IntercomCfeService: Undefined property: stdClass::$nombre_cientific  
[2025-10-04 04:04:10] local.INFO: Error class IntercomCfeService: Undefined property: stdClass::$nombre_cientific  
[2025-10-04 04:04:10] local.ERROR: There are no commands defined in the "ide-helper" namespace. {"exception":"[object] (Symfony\\Component\\Console\\Exception\\NamespaceNotFoundException(code: 0): There are no commands defined in the \"ide-helper\" namespace. at C:\\Agrocalidad\\Aplicaciones\\interoperabilidad_intercom\\vendor\\symfony\\console\\Application.php:660)
[stacktrace]
#0 C:\\Agrocalidad\\Aplicaciones\\interoperabilidad_intercom\\vendor\\symfony\\console\\Application.php(709): Symfony\\Component\\Console\\Application->findNamespace('ide-helper')
#1 C:\\Agrocalidad\\Aplicaciones\\interoperabilidad_intercom\\vendor\\symfony\\console\\Application.php(284): Symfony\\Component\\Console\\Application->find('ide-helper:gene...')
#2 C:\\Agrocalidad\\Aplicaciones\\interoperabilidad_intercom\\vendor\\symfony\\console\\Application.php(193): Symfony\\Component\\Console\\Application->doRun(Object(Symfony\\Component\\Console\\Input\\ArgvInput), Object(Symfony\\Component\\Console\\Output\\ConsoleOutput))
#3 C:\\Agrocalidad\\Aplicaciones\\interoperabilidad_intercom\\vendor\\laravel\\framework\\src\\Illuminate\\Foundation\\Console\\Kernel.php(197): Symfony\\Component\\Console\\Application->run(Object(Symfony\\Component\\Console\\Input\\ArgvInput), Object(Symfony\\Component\\Console\\Output\\ConsoleOutput))
#4 C:\\Agrocalidad\\Aplicaciones\\interoperabilidad_intercom\\vendor\\laravel\\framework\\src\\Illuminate\\Foundation\\Application.php(1205): Illuminate\\Foundation\\Console\\Kernel->handle(Object(Symfony\\Component\\Console\\Input\\ArgvInput), Object(Symfony\\Component\\Console\\Output\\ConsoleOutput))
#5 C:\\Agrocalidad\\Aplicaciones\\interoperabilidad_intercom\\artisan(13): Illuminate\\Foundation\\Application->handleCommand(Object(Symfony\\Component\\Console\\Input\\ArgvInput))
#6 {main}
"} 
[2025-10-04 04:04:38] local.ERROR: There are no commands defined in the "ide-helper" namespace. {"exception":"[object] (Symfony\\Component\\Console\\Exception\\NamespaceNotFoundException(code: 0): There are no commands defined in the \"ide-helper\" namespace. at C:\\Agrocalidad\\Aplicaciones\\interoperabilidad_intercom\\vendor\\symfony\\console\\Application.php:660)
[stacktrace]
#0 C:\\Agrocalidad\\Aplicaciones\\interoperabilidad_intercom\\vendor\\symfony\\console\\Application.php(709): Symfony\\Component\\Console\\Application->findNamespace('ide-helper')
#1 C:\\Agrocalidad\\Aplicaciones\\interoperabilidad_intercom\\vendor\\symfony\\console\\Application.php(284): Symfony\\Component\\Console\\Application->find('ide-helper:gene...')
#2 C:\\Agrocalidad\\Aplicaciones\\interoperabilidad_intercom\\vendor\\symfony\\console\\Application.php(193): Symfony\\Component\\Console\\Application->doRun(Object(Symfony\\Component\\Console\\Input\\ArgvInput), Object(Symfony\\Component\\Console\\Output\\ConsoleOutput))
#3 C:\\Agrocalidad\\Aplicaciones\\interoperabilidad_intercom\\vendor\\laravel\\framework\\src\\Illuminate\\Foundation\\Console\\Kernel.php(197): Symfony\\Component\\Console\\Application->run(Object(Symfony\\Component\\Console\\Input\\ArgvInput), Object(Symfony\\Component\\Console\\Output\\ConsoleOutput))
#4 C:\\Agrocalidad\\Aplicaciones\\interoperabilidad_intercom\\vendor\\laravel\\framework\\src\\Illuminate\\Foundation\\Application.php(1205): Illuminate\\Foundation\\Console\\Kernel->handle(Object(Symfony\\Component\\Console\\Input\\ArgvInput), Object(Symfony\\Component\\Console\\Output\\ConsoleOutput))
#5 C:\\Agrocalidad\\Aplicaciones\\interoperabilidad_intercom\\artisan(13): Illuminate\\Foundation\\Application->handleCommand(Object(Symfony\\Component\\Console\\Input\\ArgvInput))
#6 {main}
"} 
[2025-10-04 04:05:05] local.ERROR: There are no commands defined in the "ide-helper" namespace. {"exception":"[object] (Symfony\\Component\\Console\\Exception\\NamespaceNotFoundException(code: 0): There are no commands defined in the \"ide-helper\" namespace. at C:\\Agrocalidad\\Aplicaciones\\interoperabilidad_intercom\\vendor\\symfony\\console\\Application.php:660)
[stacktrace]
#0 C:\\Agrocalidad\\Aplicaciones\\interoperabilidad_intercom\\vendor\\symfony\\console\\Application.php(709): Symfony\\Component\\Console\\Application->findNamespace('ide-helper')
#1 C:\\Agrocalidad\\Aplicaciones\\interoperabilidad_intercom\\vendor\\symfony\\console\\Application.php(284): Symfony\\Component\\Console\\Application->find('ide-helper:gene...')
#2 C:\\Agrocalidad\\Aplicaciones\\interoperabilidad_intercom\\vendor\\symfony\\console\\Application.php(193): Symfony\\Component\\Console\\Application->doRun(Object(Symfony\\Component\\Console\\Input\\ArgvInput), Object(Symfony\\Component\\Console\\Output\\ConsoleOutput))
#3 C:\\Agrocalidad\\Aplicaciones\\interoperabilidad_intercom\\vendor\\laravel\\framework\\src\\Illuminate\\Foundation\\Console\\Kernel.php(197): Symfony\\Component\\Console\\Application->run(Object(Symfony\\Component\\Console\\Input\\ArgvInput), Object(Symfony\\Component\\Console\\Output\\ConsoleOutput))
#4 C:\\Agrocalidad\\Aplicaciones\\interoperabilidad_intercom\\vendor\\laravel\\framework\\src\\Illuminate\\Foundation\\Application.php(1205): Illuminate\\Foundation\\Console\\Kernel->handle(Object(Symfony\\Component\\Console\\Input\\ArgvInput), Object(Symfony\\Component\\Console\\Output\\ConsoleOutput))
#5 C:\\Agrocalidad\\Aplicaciones\\interoperabilidad_intercom\\artisan(13): Illuminate\\Foundation\\Application->handleCommand(Object(Symfony\\Component\\Console\\Input\\ArgvInput))
#6 {main}
"} 
[2025-10-04 04:05:06] local.ERROR: There are no commands defined in the "ide-helper" namespace. {"exception":"[object] (Symfony\\Component\\Console\\Exception\\NamespaceNotFoundException(code: 0): There are no commands defined in the \"ide-helper\" namespace. at C:\\Agrocalidad\\Aplicaciones\\interoperabilidad_intercom\\vendor\\symfony\\console\\Application.php:660)
[stacktrace]
#0 C:\\Agrocalidad\\Aplicaciones\\interoperabilidad_intercom\\vendor\\symfony\\console\\Application.php(709): Symfony\\Component\\Console\\Application->findNamespace('ide-helper')
#1 C:\\Agrocalidad\\Aplicaciones\\interoperabilidad_intercom\\vendor\\symfony\\console\\Application.php(284): Symfony\\Component\\Console\\Application->find('ide-helper:gene...')
#2 C:\\Agrocalidad\\Aplicaciones\\interoperabilidad_intercom\\vendor\\symfony\\console\\Application.php(193): Symfony\\Component\\Console\\Application->doRun(Object(Symfony\\Component\\Console\\Input\\ArgvInput), Object(Symfony\\Component\\Console\\Output\\ConsoleOutput))
#3 C:\\Agrocalidad\\Aplicaciones\\interoperabilidad_intercom\\vendor\\laravel\\framework\\src\\Illuminate\\Foundation\\Console\\Kernel.php(197): Symfony\\Component\\Console\\Application->run(Object(Symfony\\Component\\Console\\Input\\ArgvInput), Object(Symfony\\Component\\Console\\Output\\ConsoleOutput))
#4 C:\\Agrocalidad\\Aplicaciones\\interoperabilidad_intercom\\vendor\\laravel\\framework\\src\\Illuminate\\Foundation\\Application.php(1205): Illuminate\\Foundation\\Console\\Kernel->handle(Object(Symfony\\Component\\Console\\Input\\ArgvInput), Object(Symfony\\Component\\Console\\Output\\ConsoleOutput))
#5 C:\\Agrocalidad\\Aplicaciones\\interoperabilidad_intercom\\artisan(13): Illuminate\\Foundation\\Application->handleCommand(Object(Symfony\\Component\\Console\\Input\\ArgvInput))
#6 {main}
"} 
[2025-10-04 04:05:11] local.INFO: Error class IntercomCfeService: Undefined property: stdClass::$nombre_cientific  
[2025-10-04 04:05:11] local.INFO: Error class IntercomCfeService: Undefined property: stdClass::$nombre_cientific  
[2025-10-04 04:05:25] local.ERROR: There are no commands defined in the "ide-helper" namespace. {"exception":"[object] (Symfony\\Component\\Console\\Exception\\NamespaceNotFoundException(code: 0): There are no commands defined in the \"ide-helper\" namespace. at C:\\Agrocalidad\\Aplicaciones\\interoperabilidad_intercom\\vendor\\symfony\\console\\Application.php:660)
[stacktrace]
#0 C:\\Agrocalidad\\Aplicaciones\\interoperabilidad_intercom\\vendor\\symfony\\console\\Application.php(709): Symfony\\Component\\Console\\Application->findNamespace('ide-helper')
#1 C:\\Agrocalidad\\Aplicaciones\\interoperabilidad_intercom\\vendor\\symfony\\console\\Application.php(284): Symfony\\Component\\Console\\Application->find('ide-helper:gene...')
#2 C:\\Agrocalidad\\Aplicaciones\\interoperabilidad_intercom\\vendor\\symfony\\console\\Application.php(193): Symfony\\Component\\Console\\Application->doRun(Object(Symfony\\Component\\Console\\Input\\ArgvInput), Object(Symfony\\Component\\Console\\Output\\ConsoleOutput))
#3 C:\\Agrocalidad\\Aplicaciones\\interoperabilidad_intercom\\vendor\\laravel\\framework\\src\\Illuminate\\Foundation\\Console\\Kernel.php(197): Symfony\\Component\\Console\\Application->run(Object(Symfony\\Component\\Console\\Input\\ArgvInput), Object(Symfony\\Component\\Console\\Output\\ConsoleOutput))
#4 C:\\Agrocalidad\\Aplicaciones\\interoperabilidad_intercom\\vendor\\laravel\\framework\\src\\Illuminate\\Foundation\\Application.php(1205): Illuminate\\Foundation\\Console\\Kernel->handle(Object(Symfony\\Component\\Console\\Input\\ArgvInput), Object(Symfony\\Component\\Console\\Output\\ConsoleOutput))
#5 C:\\Agrocalidad\\Aplicaciones\\interoperabilidad_intercom\\artisan(13): Illuminate\\Foundation\\Application->handleCommand(Object(Symfony\\Component\\Console\\Input\\ArgvInput))
#6 {main}
"} 
[2025-10-04 04:05:55] local.ERROR: There are no commands defined in the "ide-helper" namespace. {"exception":"[object] (Symfony\\Component\\Console\\Exception\\NamespaceNotFoundException(code: 0): There are no commands defined in the \"ide-helper\" namespace. at C:\\Agrocalidad\\Aplicaciones\\interoperabilidad_intercom\\vendor\\symfony\\console\\Application.php:660)
[stacktrace]
#0 C:\\Agrocalidad\\Aplicaciones\\interoperabilidad_intercom\\vendor\\symfony\\console\\Application.php(709): Symfony\\Component\\Console\\Application->findNamespace('ide-helper')
#1 C:\\Agrocalidad\\Aplicaciones\\interoperabilidad_intercom\\vendor\\symfony\\console\\Application.php(284): Symfony\\Component\\Console\\Application->find('ide-helper:gene...')
#2 C:\\Agrocalidad\\Aplicaciones\\interoperabilidad_intercom\\vendor\\symfony\\console\\Application.php(193): Symfony\\Component\\Console\\Application->doRun(Object(Symfony\\Component\\Console\\Input\\ArgvInput), Object(Symfony\\Component\\Console\\Output\\ConsoleOutput))
#3 C:\\Agrocalidad\\Aplicaciones\\interoperabilidad_intercom\\vendor\\laravel\\framework\\src\\Illuminate\\Foundation\\Console\\Kernel.php(197): Symfony\\Component\\Console\\Application->run(Object(Symfony\\Component\\Console\\Input\\ArgvInput), Object(Symfony\\Component\\Console\\Output\\ConsoleOutput))
#4 C:\\Agrocalidad\\Aplicaciones\\interoperabilidad_intercom\\vendor\\laravel\\framework\\src\\Illuminate\\Foundation\\Application.php(1205): Illuminate\\Foundation\\Console\\Kernel->handle(Object(Symfony\\Component\\Console\\Input\\ArgvInput), Object(Symfony\\Component\\Console\\Output\\ConsoleOutput))
#5 C:\\Agrocalidad\\Aplicaciones\\interoperabilidad_intercom\\artisan(13): Illuminate\\Foundation\\Application->handleCommand(Object(Symfony\\Component\\Console\\Input\\ArgvInput))
#6 {main}
"} 
[2025-10-04 04:05:57] local.ERROR: There are no commands defined in the "ide-helper" namespace. {"exception":"[object] (Symfony\\Component\\Console\\Exception\\NamespaceNotFoundException(code: 0): There are no commands defined in the \"ide-helper\" namespace. at C:\\Agrocalidad\\Aplicaciones\\interoperabilidad_intercom\\vendor\\symfony\\console\\Application.php:660)
[stacktrace]
#0 C:\\Agrocalidad\\Aplicaciones\\interoperabilidad_intercom\\vendor\\symfony\\console\\Application.php(709): Symfony\\Component\\Console\\Application->findNamespace('ide-helper')
#1 C:\\Agrocalidad\\Aplicaciones\\interoperabilidad_intercom\\vendor\\symfony\\console\\Application.php(284): Symfony\\Component\\Console\\Application->find('ide-helper:gene...')
#2 C:\\Agrocalidad\\Aplicaciones\\interoperabilidad_intercom\\vendor\\symfony\\console\\Application.php(193): Symfony\\Component\\Console\\Application->doRun(Object(Symfony\\Component\\Console\\Input\\ArgvInput), Object(Symfony\\Component\\Console\\Output\\ConsoleOutput))
#3 C:\\Agrocalidad\\Aplicaciones\\interoperabilidad_intercom\\vendor\\laravel\\framework\\src\\Illuminate\\Foundation\\Console\\Kernel.php(197): Symfony\\Component\\Console\\Application->run(Object(Symfony\\Component\\Console\\Input\\ArgvInput), Object(Symfony\\Component\\Console\\Output\\ConsoleOutput))
#4 C:\\Agrocalidad\\Aplicaciones\\interoperabilidad_intercom\\vendor\\laravel\\framework\\src\\Illuminate\\Foundation\\Application.php(1205): Illuminate\\Foundation\\Console\\Kernel->handle(Object(Symfony\\Component\\Console\\Input\\ArgvInput), Object(Symfony\\Component\\Console\\Output\\ConsoleOutput))
#5 C:\\Agrocalidad\\Aplicaciones\\interoperabilidad_intercom\\artisan(13): Illuminate\\Foundation\\Application->handleCommand(Object(Symfony\\Component\\Console\\Input\\ArgvInput))
#6 {main}
"} 
[2025-10-04 04:06:11] local.INFO: Error class IntercomCfeService: Undefined property: stdClass::$nombre_cientific  
[2025-10-04 04:06:11] local.INFO: Error class IntercomCfeService: Undefined property: stdClass::$nombre_cientific  
[2025-10-04 04:06:50] local.ERROR: There are no commands defined in the "ide-helper" namespace. {"exception":"[object] (Symfony\\Component\\Console\\Exception\\NamespaceNotFoundException(code: 0): There are no commands defined in the \"ide-helper\" namespace. at C:\\Agrocalidad\\Aplicaciones\\interoperabilidad_intercom\\vendor\\symfony\\console\\Application.php:660)
[stacktrace]
#0 C:\\Agrocalidad\\Aplicaciones\\interoperabilidad_intercom\\vendor\\symfony\\console\\Application.php(709): Symfony\\Component\\Console\\Application->findNamespace('ide-helper')
#1 C:\\Agrocalidad\\Aplicaciones\\interoperabilidad_intercom\\vendor\\symfony\\console\\Application.php(284): Symfony\\Component\\Console\\Application->find('ide-helper:gene...')
#2 C:\\Agrocalidad\\Aplicaciones\\interoperabilidad_intercom\\vendor\\symfony\\console\\Application.php(193): Symfony\\Component\\Console\\Application->doRun(Object(Symfony\\Component\\Console\\Input\\ArgvInput), Object(Symfony\\Component\\Console\\Output\\ConsoleOutput))
#3 C:\\Agrocalidad\\Aplicaciones\\interoperabilidad_intercom\\vendor\\laravel\\framework\\src\\Illuminate\\Foundation\\Console\\Kernel.php(197): Symfony\\Component\\Console\\Application->run(Object(Symfony\\Component\\Console\\Input\\ArgvInput), Object(Symfony\\Component\\Console\\Output\\ConsoleOutput))
#4 C:\\Agrocalidad\\Aplicaciones\\interoperabilidad_intercom\\vendor\\laravel\\framework\\src\\Illuminate\\Foundation\\Application.php(1205): Illuminate\\Foundation\\Console\\Kernel->handle(Object(Symfony\\Component\\Console\\Input\\ArgvInput), Object(Symfony\\Component\\Console\\Output\\ConsoleOutput))
#5 C:\\Agrocalidad\\Aplicaciones\\interoperabilidad_intercom\\artisan(13): Illuminate\\Foundation\\Application->handleCommand(Object(Symfony\\Component\\Console\\Input\\ArgvInput))
#6 {main}
"} 
[2025-10-04 04:07:12] local.INFO: Error class IntercomCfeService: Undefined property: stdClass::$nombre_cientific  
[2025-10-04 04:07:12] local.INFO: Error class IntercomCfeService: Undefined property: stdClass::$nombre_cientific  
[2025-10-04 04:07:25] local.ERROR: There are no commands defined in the "ide-helper" namespace. {"exception":"[object] (Symfony\\Component\\Console\\Exception\\NamespaceNotFoundException(code: 0): There are no commands defined in the \"ide-helper\" namespace. at C:\\Agrocalidad\\Aplicaciones\\interoperabilidad_intercom\\vendor\\symfony\\console\\Application.php:660)
[stacktrace]
#0 C:\\Agrocalidad\\Aplicaciones\\interoperabilidad_intercom\\vendor\\symfony\\console\\Application.php(709): Symfony\\Component\\Console\\Application->findNamespace('ide-helper')
#1 C:\\Agrocalidad\\Aplicaciones\\interoperabilidad_intercom\\vendor\\symfony\\console\\Application.php(284): Symfony\\Component\\Console\\Application->find('ide-helper:gene...')
#2 C:\\Agrocalidad\\Aplicaciones\\interoperabilidad_intercom\\vendor\\symfony\\console\\Application.php(193): Symfony\\Component\\Console\\Application->doRun(Object(Symfony\\Component\\Console\\Input\\ArgvInput), Object(Symfony\\Component\\Console\\Output\\ConsoleOutput))
#3 C:\\Agrocalidad\\Aplicaciones\\interoperabilidad_intercom\\vendor\\laravel\\framework\\src\\Illuminate\\Foundation\\Console\\Kernel.php(197): Symfony\\Component\\Console\\Application->run(Object(Symfony\\Component\\Console\\Input\\ArgvInput), Object(Symfony\\Component\\Console\\Output\\ConsoleOutput))
#4 C:\\Agrocalidad\\Aplicaciones\\interoperabilidad_intercom\\vendor\\laravel\\framework\\src\\Illuminate\\Foundation\\Application.php(1205): Illuminate\\Foundation\\Console\\Kernel->handle(Object(Symfony\\Component\\Console\\Input\\ArgvInput), Object(Symfony\\Component\\Console\\Output\\ConsoleOutput))
#5 C:\\Agrocalidad\\Aplicaciones\\interoperabilidad_intercom\\artisan(13): Illuminate\\Foundation\\Application->handleCommand(Object(Symfony\\Component\\Console\\Input\\ArgvInput))
#6 {main}
"} 
[2025-10-04 04:08:00] local.ERROR: There are no commands defined in the "ide-helper" namespace. {"exception":"[object] (Symfony\\Component\\Console\\Exception\\NamespaceNotFoundException(code: 0): There are no commands defined in the \"ide-helper\" namespace. at C:\\Agrocalidad\\Aplicaciones\\interoperabilidad_intercom\\vendor\\symfony\\console\\Application.php:660)
[stacktrace]
#0 C:\\Agrocalidad\\Aplicaciones\\interoperabilidad_intercom\\vendor\\symfony\\console\\Application.php(709): Symfony\\Component\\Console\\Application->findNamespace('ide-helper')
#1 C:\\Agrocalidad\\Aplicaciones\\interoperabilidad_intercom\\vendor\\symfony\\console\\Application.php(284): Symfony\\Component\\Console\\Application->find('ide-helper:gene...')
#2 C:\\Agrocalidad\\Aplicaciones\\interoperabilidad_intercom\\vendor\\symfony\\console\\Application.php(193): Symfony\\Component\\Console\\Application->doRun(Object(Symfony\\Component\\Console\\Input\\ArgvInput), Object(Symfony\\Component\\Console\\Output\\ConsoleOutput))
#3 C:\\Agrocalidad\\Aplicaciones\\interoperabilidad_intercom\\vendor\\laravel\\framework\\src\\Illuminate\\Foundation\\Console\\Kernel.php(197): Symfony\\Component\\Console\\Application->run(Object(Symfony\\Component\\Console\\Input\\ArgvInput), Object(Symfony\\Component\\Console\\Output\\ConsoleOutput))
#4 C:\\Agrocalidad\\Aplicaciones\\interoperabilidad_intercom\\vendor\\laravel\\framework\\src\\Illuminate\\Foundation\\Application.php(1205): Illuminate\\Foundation\\Console\\Kernel->handle(Object(Symfony\\Component\\Console\\Input\\ArgvInput), Object(Symfony\\Component\\Console\\Output\\ConsoleOutput))
#5 C:\\Agrocalidad\\Aplicaciones\\interoperabilidad_intercom\\artisan(13): Illuminate\\Foundation\\Application->handleCommand(Object(Symfony\\Component\\Console\\Input\\ArgvInput))
#6 {main}
"} 
[2025-10-04 04:08:12] local.INFO: Error class IntercomCfeService: Undefined property: stdClass::$nombre_cientific  
[2025-10-04 04:08:12] local.INFO: Error class IntercomCfeService: Undefined property: stdClass::$nombre_cientific  
[2025-10-04 04:08:44] local.ERROR: There are no commands defined in the "ide-helper" namespace. {"exception":"[object] (Symfony\\Component\\Console\\Exception\\NamespaceNotFoundException(code: 0): There are no commands defined in the \"ide-helper\" namespace. at C:\\Agrocalidad\\Aplicaciones\\interoperabilidad_intercom\\vendor\\symfony\\console\\Application.php:660)
[stacktrace]
#0 C:\\Agrocalidad\\Aplicaciones\\interoperabilidad_intercom\\vendor\\symfony\\console\\Application.php(709): Symfony\\Component\\Console\\Application->findNamespace('ide-helper')
#1 C:\\Agrocalidad\\Aplicaciones\\interoperabilidad_intercom\\vendor\\symfony\\console\\Application.php(284): Symfony\\Component\\Console\\Application->find('ide-helper:gene...')
#2 C:\\Agrocalidad\\Aplicaciones\\interoperabilidad_intercom\\vendor\\symfony\\console\\Application.php(193): Symfony\\Component\\Console\\Application->doRun(Object(Symfony\\Component\\Console\\Input\\ArgvInput), Object(Symfony\\Component\\Console\\Output\\ConsoleOutput))
#3 C:\\Agrocalidad\\Aplicaciones\\interoperabilidad_intercom\\vendor\\laravel\\framework\\src\\Illuminate\\Foundation\\Console\\Kernel.php(197): Symfony\\Component\\Console\\Application->run(Object(Symfony\\Component\\Console\\Input\\ArgvInput), Object(Symfony\\Component\\Console\\Output\\ConsoleOutput))
#4 C:\\Agrocalidad\\Aplicaciones\\interoperabilidad_intercom\\vendor\\laravel\\framework\\src\\Illuminate\\Foundation\\Application.php(1205): Illuminate\\Foundation\\Console\\Kernel->handle(Object(Symfony\\Component\\Console\\Input\\ArgvInput), Object(Symfony\\Component\\Console\\Output\\ConsoleOutput))
#5 C:\\Agrocalidad\\Aplicaciones\\interoperabilidad_intercom\\artisan(13): Illuminate\\Foundation\\Application->handleCommand(Object(Symfony\\Component\\Console\\Input\\ArgvInput))
#6 {main}
"} 
[2025-10-04 04:09:13] local.INFO: Error class IntercomCfeService: Undefined property: stdClass::$nombre_cientific  
[2025-10-04 04:09:13] local.INFO: Error class IntercomCfeService: Undefined property: stdClass::$nombre_cientific  
[2025-10-04 04:10:10] local.INFO: Error class IntercomCfeService: Undefined property: stdClass::$nombre_cientific  
[2025-10-04 04:10:10] local.INFO: Error class IntercomCfeService: Undefined property: stdClass::$nombre_cientific  
[2025-10-04 04:11:11] local.INFO: Error class IntercomCfeService: Undefined property: stdClass::$nombre_cientific  
[2025-10-04 04:11:11] local.INFO: Error class IntercomCfeService: Undefined property: stdClass::$nombre_cientific  
[2025-10-04 04:12:12] local.INFO: Error class IntercomCfeService: Undefined property: stdClass::$nombre_cientific  
[2025-10-04 04:12:12] local.INFO: Error class IntercomCfeService: Undefined property: stdClass::$nombre_cientific  
[2025-10-04 04:12:31] local.ERROR: There are no commands defined in the "ide-helper" namespace. {"exception":"[object] (Symfony\\Component\\Console\\Exception\\NamespaceNotFoundException(code: 0): There are no commands defined in the \"ide-helper\" namespace. at C:\\Agrocalidad\\Aplicaciones\\interoperabilidad_intercom\\vendor\\symfony\\console\\Application.php:660)
[stacktrace]
#0 C:\\Agrocalidad\\Aplicaciones\\interoperabilidad_intercom\\vendor\\symfony\\console\\Application.php(709): Symfony\\Component\\Console\\Application->findNamespace('ide-helper')
#1 C:\\Agrocalidad\\Aplicaciones\\interoperabilidad_intercom\\vendor\\symfony\\console\\Application.php(284): Symfony\\Component\\Console\\Application->find('ide-helper:gene...')
#2 C:\\Agrocalidad\\Aplicaciones\\interoperabilidad_intercom\\vendor\\symfony\\console\\Application.php(193): Symfony\\Component\\Console\\Application->doRun(Object(Symfony\\Component\\Console\\Input\\ArgvInput), Object(Symfony\\Component\\Console\\Output\\ConsoleOutput))
#3 C:\\Agrocalidad\\Aplicaciones\\interoperabilidad_intercom\\vendor\\laravel\\framework\\src\\Illuminate\\Foundation\\Console\\Kernel.php(197): Symfony\\Component\\Console\\Application->run(Object(Symfony\\Component\\Console\\Input\\ArgvInput), Object(Symfony\\Component\\Console\\Output\\ConsoleOutput))
#4 C:\\Agrocalidad\\Aplicaciones\\interoperabilidad_intercom\\vendor\\laravel\\framework\\src\\Illuminate\\Foundation\\Application.php(1205): Illuminate\\Foundation\\Console\\Kernel->handle(Object(Symfony\\Component\\Console\\Input\\ArgvInput), Object(Symfony\\Component\\Console\\Output\\ConsoleOutput))
#5 C:\\Agrocalidad\\Aplicaciones\\interoperabilidad_intercom\\artisan(13): Illuminate\\Foundation\\Application->handleCommand(Object(Symfony\\Component\\Console\\Input\\ArgvInput))
#6 {main}
"} 
[2025-10-04 04:13:12] local.INFO: Error class IntercomCfeService: Undefined property: stdClass::$nombre_cientific  
[2025-10-04 04:13:12] local.INFO: Error class IntercomCfeService: Undefined property: stdClass::$nombre_cientific  
[2025-10-04 04:14:13] local.INFO: Error class IntercomCfeService: Undefined property: stdClass::$nombre_cientific  
[2025-10-04 04:14:13] local.INFO: Error class IntercomCfeService: Undefined property: stdClass::$nombre_cientific  
[2025-10-04 04:15:10] local.INFO: Error class IntercomCfeService: Undefined property: stdClass::$nombre_cientific  
[2025-10-04 04:15:10] local.INFO: Error class IntercomCfeService: Undefined property: stdClass::$nombre_cientific  
[2025-10-04 04:16:06] local.ERROR: There are no commands defined in the "ide-helper" namespace. {"exception":"[object] (Symfony\\Component\\Console\\Exception\\NamespaceNotFoundException(code: 0): There are no commands defined in the \"ide-helper\" namespace. at C:\\Agrocalidad\\Aplicaciones\\interoperabilidad_intercom\\vendor\\symfony\\console\\Application.php:660)
[stacktrace]
#0 C:\\Agrocalidad\\Aplicaciones\\interoperabilidad_intercom\\vendor\\symfony\\console\\Application.php(709): Symfony\\Component\\Console\\Application->findNamespace('ide-helper')
#1 C:\\Agrocalidad\\Aplicaciones\\interoperabilidad_intercom\\vendor\\symfony\\console\\Application.php(284): Symfony\\Component\\Console\\Application->find('ide-helper:gene...')
#2 C:\\Agrocalidad\\Aplicaciones\\interoperabilidad_intercom\\vendor\\symfony\\console\\Application.php(193): Symfony\\Component\\Console\\Application->doRun(Object(Symfony\\Component\\Console\\Input\\ArgvInput), Object(Symfony\\Component\\Console\\Output\\ConsoleOutput))
#3 C:\\Agrocalidad\\Aplicaciones\\interoperabilidad_intercom\\vendor\\laravel\\framework\\src\\Illuminate\\Foundation\\Console\\Kernel.php(197): Symfony\\Component\\Console\\Application->run(Object(Symfony\\Component\\Console\\Input\\ArgvInput), Object(Symfony\\Component\\Console\\Output\\ConsoleOutput))
#4 C:\\Agrocalidad\\Aplicaciones\\interoperabilidad_intercom\\vendor\\laravel\\framework\\src\\Illuminate\\Foundation\\Application.php(1205): Illuminate\\Foundation\\Console\\Kernel->handle(Object(Symfony\\Component\\Console\\Input\\ArgvInput), Object(Symfony\\Component\\Console\\Output\\ConsoleOutput))
#5 C:\\Agrocalidad\\Aplicaciones\\interoperabilidad_intercom\\artisan(13): Illuminate\\Foundation\\Application->handleCommand(Object(Symfony\\Component\\Console\\Input\\ArgvInput))
#6 {main}
"} 
[2025-10-04 04:16:11] local.INFO: Error class IntercomCfeService: Undefined property: stdClass::$nombre_cientific  
[2025-10-04 04:16:11] local.INFO: Error class IntercomCfeService: Undefined property: stdClass::$nombre_cientific  
[2025-10-04 04:17:11] local.INFO: Error class IntercomCfeService: Undefined property: stdClass::$nombre_cientific  
[2025-10-04 04:17:11] local.INFO: Error class IntercomCfeService: Undefined property: stdClass::$nombre_cientific  
[2025-10-04 04:18:12] local.INFO: Error class IntercomCfeService: Undefined property: stdClass::$nombre_cientific  
[2025-10-04 04:18:12] local.INFO: Error class IntercomCfeService: Undefined property: stdClass::$nombre_cientific  
[2025-10-04 04:19:12] local.INFO: Error class IntercomCfeService: Undefined property: stdClass::$nombre_cientific  
[2025-10-04 04:19:12] local.INFO: Error class IntercomCfeService: Undefined property: stdClass::$nombre_cientific  
[2025-10-04 04:20:09] local.INFO: Error class IntercomCfeService: Undefined property: stdClass::$nombre_cientific  
[2025-10-04 04:20:10] local.INFO: Error class IntercomCfeService: Undefined property: stdClass::$nombre_cientific  
[2025-10-04 04:21:10] local.INFO: Error class IntercomCfeService: Undefined property: stdClass::$nombre_cientific  
[2025-10-04 04:21:10] local.INFO: Error class IntercomCfeService: Undefined property: stdClass::$nombre_cientific  
[2025-10-04 04:22:11] local.INFO: Error class IntercomCfeService: Undefined property: stdClass::$nombre_cientific  
[2025-10-04 04:22:11] local.INFO: Error class IntercomCfeService: Undefined property: stdClass::$nombre_cientific  
[2025-10-04 04:23:11] local.INFO: Error class IntercomCfeService: Undefined property: stdClass::$nombre_cientific  
[2025-10-04 04:23:11] local.INFO: Error class IntercomCfeService: Undefined property: stdClass::$nombre_cientific  
[2025-10-04 04:24:12] local.INFO: Error class IntercomCfeService: Undefined property: stdClass::$nombre_cientific  
[2025-10-04 04:24:12] local.INFO: Error class IntercomCfeService: Undefined property: stdClass::$nombre_cientific  
[2025-10-04 04:25:12] local.INFO: Error class IntercomCfeService: Undefined property: stdClass::$nombre_cientific  
[2025-10-04 04:25:12] local.INFO: Error class IntercomCfeService: Undefined property: stdClass::$nombre_cientific  
[2025-10-04 04:26:13] local.INFO: Error class IntercomCfeService: Undefined property: stdClass::$nombre_cientific  
[2025-10-04 04:26:13] local.INFO: Error class IntercomCfeService: Undefined property: stdClass::$nombre_cientific  
[2025-10-04 04:27:10] local.INFO: Error class IntercomCfeService: Undefined property: stdClass::$nombre_cientific  
[2025-10-04 04:27:10] local.INFO: Error class IntercomCfeService: Undefined property: stdClass::$nombre_cientific  
[2025-10-04 04:28:11] local.INFO: Error class IntercomCfeService: Undefined property: stdClass::$nombre_cientific  
[2025-10-04 04:28:11] local.INFO: Error class IntercomCfeService: Undefined property: stdClass::$nombre_cientific  
[2025-10-04 05:14:02] local.ERROR: There are no commands defined in the "ide-helper" namespace. {"exception":"[object] (Symfony\\Component\\Console\\Exception\\NamespaceNotFoundException(code: 0): There are no commands defined in the \"ide-helper\" namespace. at C:\\Agrocalidad\\Aplicaciones\\interoperabilidad_intercom\\vendor\\symfony\\console\\Application.php:660)
[stacktrace]
#0 C:\\Agrocalidad\\Aplicaciones\\interoperabilidad_intercom\\vendor\\symfony\\console\\Application.php(709): Symfony\\Component\\Console\\Application->findNamespace('ide-helper')
#1 C:\\Agrocalidad\\Aplicaciones\\interoperabilidad_intercom\\vendor\\symfony\\console\\Application.php(284): Symfony\\Component\\Console\\Application->find('ide-helper:gene...')
#2 C:\\Agrocalidad\\Aplicaciones\\interoperabilidad_intercom\\vendor\\symfony\\console\\Application.php(193): Symfony\\Component\\Console\\Application->doRun(Object(Symfony\\Component\\Console\\Input\\ArgvInput), Object(Symfony\\Component\\Console\\Output\\ConsoleOutput))
#3 C:\\Agrocalidad\\Aplicaciones\\interoperabilidad_intercom\\vendor\\laravel\\framework\\src\\Illuminate\\Foundation\\Console\\Kernel.php(197): Symfony\\Component\\Console\\Application->run(Object(Symfony\\Component\\Console\\Input\\ArgvInput), Object(Symfony\\Component\\Console\\Output\\ConsoleOutput))
#4 C:\\Agrocalidad\\Aplicaciones\\interoperabilidad_intercom\\vendor\\laravel\\framework\\src\\Illuminate\\Foundation\\Application.php(1205): Illuminate\\Foundation\\Console\\Kernel->handle(Object(Symfony\\Component\\Console\\Input\\ArgvInput), Object(Symfony\\Component\\Console\\Output\\ConsoleOutput))
#5 C:\\Agrocalidad\\Aplicaciones\\interoperabilidad_intercom\\artisan(13): Illuminate\\Foundation\\Application->handleCommand(Object(Symfony\\Component\\Console\\Input\\ArgvInput))
#6 {main}
"} 
[2025-10-04 05:14:09] local.ERROR: There are no commands defined in the "ide-helper" namespace. {"exception":"[object] (Symfony\\Component\\Console\\Exception\\NamespaceNotFoundException(code: 0): There are no commands defined in the \"ide-helper\" namespace. at C:\\Agrocalidad\\Aplicaciones\\interoperabilidad_intercom\\vendor\\symfony\\console\\Application.php:660)
[stacktrace]
#0 C:\\Agrocalidad\\Aplicaciones\\interoperabilidad_intercom\\vendor\\symfony\\console\\Application.php(709): Symfony\\Component\\Console\\Application->findNamespace('ide-helper')
#1 C:\\Agrocalidad\\Aplicaciones\\interoperabilidad_intercom\\vendor\\symfony\\console\\Application.php(284): Symfony\\Component\\Console\\Application->find('ide-helper:gene...')
#2 C:\\Agrocalidad\\Aplicaciones\\interoperabilidad_intercom\\vendor\\symfony\\console\\Application.php(193): Symfony\\Component\\Console\\Application->doRun(Object(Symfony\\Component\\Console\\Input\\ArgvInput), Object(Symfony\\Component\\Console\\Output\\ConsoleOutput))
#3 C:\\Agrocalidad\\Aplicaciones\\interoperabilidad_intercom\\vendor\\laravel\\framework\\src\\Illuminate\\Foundation\\Console\\Kernel.php(197): Symfony\\Component\\Console\\Application->run(Object(Symfony\\Component\\Console\\Input\\ArgvInput), Object(Symfony\\Component\\Console\\Output\\ConsoleOutput))
#4 C:\\Agrocalidad\\Aplicaciones\\interoperabilidad_intercom\\vendor\\laravel\\framework\\src\\Illuminate\\Foundation\\Application.php(1205): Illuminate\\Foundation\\Console\\Kernel->handle(Object(Symfony\\Component\\Console\\Input\\ArgvInput), Object(Symfony\\Component\\Console\\Output\\ConsoleOutput))
#5 C:\\Agrocalidad\\Aplicaciones\\interoperabilidad_intercom\\artisan(13): Illuminate\\Foundation\\Application->handleCommand(Object(Symfony\\Component\\Console\\Input\\ArgvInput))
#6 {main}
"} 
[2025-10-04 05:15:04] local.ERROR: There are no commands defined in the "ide-helper" namespace. {"exception":"[object] (Symfony\\Component\\Console\\Exception\\NamespaceNotFoundException(code: 0): There are no commands defined in the \"ide-helper\" namespace. at C:\\Agrocalidad\\Aplicaciones\\interoperabilidad_intercom\\vendor\\symfony\\console\\Application.php:660)
[stacktrace]
#0 C:\\Agrocalidad\\Aplicaciones\\interoperabilidad_intercom\\vendor\\symfony\\console\\Application.php(709): Symfony\\Component\\Console\\Application->findNamespace('ide-helper')
#1 C:\\Agrocalidad\\Aplicaciones\\interoperabilidad_intercom\\vendor\\symfony\\console\\Application.php(284): Symfony\\Component\\Console\\Application->find('ide-helper:gene...')
#2 C:\\Agrocalidad\\Aplicaciones\\interoperabilidad_intercom\\vendor\\symfony\\console\\Application.php(193): Symfony\\Component\\Console\\Application->doRun(Object(Symfony\\Component\\Console\\Input\\ArgvInput), Object(Symfony\\Component\\Console\\Output\\ConsoleOutput))
#3 C:\\Agrocalidad\\Aplicaciones\\interoperabilidad_intercom\\vendor\\laravel\\framework\\src\\Illuminate\\Foundation\\Console\\Kernel.php(197): Symfony\\Component\\Console\\Application->run(Object(Symfony\\Component\\Console\\Input\\ArgvInput), Object(Symfony\\Component\\Console\\Output\\ConsoleOutput))
#4 C:\\Agrocalidad\\Aplicaciones\\interoperabilidad_intercom\\vendor\\laravel\\framework\\src\\Illuminate\\Foundation\\Application.php(1205): Illuminate\\Foundation\\Console\\Kernel->handle(Object(Symfony\\Component\\Console\\Input\\ArgvInput), Object(Symfony\\Component\\Console\\Output\\ConsoleOutput))
#5 C:\\Agrocalidad\\Aplicaciones\\interoperabilidad_intercom\\artisan(13): Illuminate\\Foundation\\Application->handleCommand(Object(Symfony\\Component\\Console\\Input\\ArgvInput))
#6 {main}
"} 
[2025-10-04 05:15:46] local.ERROR: There are no commands defined in the "ide-helper" namespace. {"exception":"[object] (Symfony\\Component\\Console\\Exception\\NamespaceNotFoundException(code: 0): There are no commands defined in the \"ide-helper\" namespace. at C:\\Agrocalidad\\Aplicaciones\\interoperabilidad_intercom\\vendor\\symfony\\console\\Application.php:660)
[stacktrace]
#0 C:\\Agrocalidad\\Aplicaciones\\interoperabilidad_intercom\\vendor\\symfony\\console\\Application.php(709): Symfony\\Component\\Console\\Application->findNamespace('ide-helper')
#1 C:\\Agrocalidad\\Aplicaciones\\interoperabilidad_intercom\\vendor\\symfony\\console\\Application.php(284): Symfony\\Component\\Console\\Application->find('ide-helper:gene...')
#2 C:\\Agrocalidad\\Aplicaciones\\interoperabilidad_intercom\\vendor\\symfony\\console\\Application.php(193): Symfony\\Component\\Console\\Application->doRun(Object(Symfony\\Component\\Console\\Input\\ArgvInput), Object(Symfony\\Component\\Console\\Output\\ConsoleOutput))
#3 C:\\Agrocalidad\\Aplicaciones\\interoperabilidad_intercom\\vendor\\laravel\\framework\\src\\Illuminate\\Foundation\\Console\\Kernel.php(197): Symfony\\Component\\Console\\Application->run(Object(Symfony\\Component\\Console\\Input\\ArgvInput), Object(Symfony\\Component\\Console\\Output\\ConsoleOutput))
#4 C:\\Agrocalidad\\Aplicaciones\\interoperabilidad_intercom\\vendor\\laravel\\framework\\src\\Illuminate\\Foundation\\Application.php(1205): Illuminate\\Foundation\\Console\\Kernel->handle(Object(Symfony\\Component\\Console\\Input\\ArgvInput), Object(Symfony\\Component\\Console\\Output\\ConsoleOutput))
#5 C:\\Agrocalidad\\Aplicaciones\\interoperabilidad_intercom\\artisan(13): Illuminate\\Foundation\\Application->handleCommand(Object(Symfony\\Component\\Console\\Input\\ArgvInput))
#6 {main}
"} 
