[2026-01-22 02:25:25] local.ERROR: There are no commands defined in the "ide-helper" namespace. {"exception":"[object] (Symfony\\Component\\Console\\Exception\\NamespaceNotFoundException(code: 0): There are no commands defined in the \"ide-helper\" namespace. at C:\\Agrocalidad\\Aplicaciones\\interoperabilidad_intercom\\vendor\\symfony\\console\\Application.php:660)
[stacktrace]
#0 C:\\Agrocalidad\\Aplicaciones\\interoperabilidad_intercom\\vendor\\symfony\\console\\Application.php(709): Symfony\\Component\\Console\\Application->findNamespace('ide-helper')
#1 C:\\Agrocalidad\\Aplicaciones\\interoperabilidad_intercom\\vendor\\symfony\\console\\Application.php(284): Symfony\\Component\\Console\\Application->find('ide-helper:gene...')
#2 C:\\Agrocalidad\\Aplicaciones\\interoperabilidad_intercom\\vendor\\symfony\\console\\Application.php(193): Symfony\\Component\\Console\\Application->doRun(Object(Symfony\\Component\\Console\\Input\\ArgvInput), Object(Symfony\\Component\\Console\\Output\\ConsoleOutput))
#3 C:\\Agrocalidad\\Aplicaciones\\interoperabilidad_intercom\\vendor\\laravel\\framework\\src\\Illuminate\\Foundation\\Console\\Kernel.php(197): Symfony\\Component\\Console\\Application->run(Object(Symfony\\Component\\Console\\Input\\ArgvInput), Object(Symfony\\Component\\Console\\Output\\ConsoleOutput))
#4 C:\\Agrocalidad\\Aplicaciones\\interoperabilidad_intercom\\vendor\\laravel\\framework\\src\\Illuminate\\Foundation\\Application.php(1205): Illuminate\\Foundation\\Console\\Kernel->handle(Object(Symfony\\Component\\Console\\Input\\ArgvInput), Object(Symfony\\Component\\Console\\Output\\ConsoleOutput))
#5 C:\\Agrocalidad\\Aplicaciones\\interoperabilidad_intercom\\artisan(13): Illuminate\\Foundation\\Application->handleCommand(Object(Symfony\\Component\\Console\\Input\\ArgvInput))
#6 {main}
"} 
[2026-01-22 02:30:50] local.ERROR: There are no commands defined in the "ide-helper" namespace. {"exception":"[object] (Symfony\\Component\\Console\\Exception\\NamespaceNotFoundException(code: 0): There are no commands defined in the \"ide-helper\" namespace. at C:\\Agrocalidad\\Aplicaciones\\interoperabilidad_intercom\\vendor\\symfony\\console\\Application.php:660)
[stacktrace]
#0 C:\\Agrocalidad\\Aplicaciones\\interoperabilidad_intercom\\vendor\\symfony\\console\\Application.php(709): Symfony\\Component\\Console\\Application->findNamespace('ide-helper')
#1 C:\\Agrocalidad\\Aplicaciones\\interoperabilidad_intercom\\vendor\\symfony\\console\\Application.php(284): Symfony\\Component\\Console\\Application->find('ide-helper:gene...')
#2 C:\\Agrocalidad\\Aplicaciones\\interoperabilidad_intercom\\vendor\\symfony\\console\\Application.php(193): Symfony\\Component\\Console\\Application->doRun(Object(Symfony\\Component\\Console\\Input\\ArgvInput), Object(Symfony\\Component\\Console\\Output\\ConsoleOutput))
#3 C:\\Agrocalidad\\Aplicaciones\\interoperabilidad_intercom\\vendor\\laravel\\framework\\src\\Illuminate\\Foundation\\Console\\Kernel.php(197): Symfony\\Component\\Console\\Application->run(Object(Symfony\\Component\\Console\\Input\\ArgvInput), Object(Symfony\\Component\\Console\\Output\\ConsoleOutput))
#4 C:\\Agrocalidad\\Aplicaciones\\interoperabilidad_intercom\\vendor\\laravel\\framework\\src\\Illuminate\\Foundation\\Application.php(1205): Illuminate\\Foundation\\Console\\Kernel->handle(Object(Symfony\\Component\\Console\\Input\\ArgvInput), Object(Symfony\\Component\\Console\\Output\\ConsoleOutput))
#5 C:\\Agrocalidad\\Aplicaciones\\interoperabilidad_intercom\\artisan(13): Illuminate\\Foundation\\Application->handleCommand(Object(Symfony\\Component\\Console\\Input\\ArgvInput))
#6 {main}
"} 
[2026-01-22 02:31:10] local.ERROR: There are no commands defined in the "ide-helper" namespace. {"exception":"[object] (Symfony\\Component\\Console\\Exception\\NamespaceNotFoundException(code: 0): There are no commands defined in the \"ide-helper\" namespace. at C:\\Agrocalidad\\Aplicaciones\\interoperabilidad_intercom\\vendor\\symfony\\console\\Application.php:660)
[stacktrace]
#0 C:\\Agrocalidad\\Aplicaciones\\interoperabilidad_intercom\\vendor\\symfony\\console\\Application.php(709): Symfony\\Component\\Console\\Application->findNamespace('ide-helper')
#1 C:\\Agrocalidad\\Aplicaciones\\interoperabilidad_intercom\\vendor\\symfony\\console\\Application.php(284): Symfony\\Component\\Console\\Application->find('ide-helper:gene...')
#2 C:\\Agrocalidad\\Aplicaciones\\interoperabilidad_intercom\\vendor\\symfony\\console\\Application.php(193): Symfony\\Component\\Console\\Application->doRun(Object(Symfony\\Component\\Console\\Input\\ArgvInput), Object(Symfony\\Component\\Console\\Output\\ConsoleOutput))
#3 C:\\Agrocalidad\\Aplicaciones\\interoperabilidad_intercom\\vendor\\laravel\\framework\\src\\Illuminate\\Foundation\\Console\\Kernel.php(197): Symfony\\Component\\Console\\Application->run(Object(Symfony\\Component\\Console\\Input\\ArgvInput), Object(Symfony\\Component\\Console\\Output\\ConsoleOutput))
#4 C:\\Agrocalidad\\Aplicaciones\\interoperabilidad_intercom\\vendor\\laravel\\framework\\src\\Illuminate\\Foundation\\Application.php(1205): Illuminate\\Foundation\\Console\\Kernel->handle(Object(Symfony\\Component\\Console\\Input\\ArgvInput), Object(Symfony\\Component\\Console\\Output\\ConsoleOutput))
#5 C:\\Agrocalidad\\Aplicaciones\\interoperabilidad_intercom\\artisan(13): Illuminate\\Foundation\\Application->handleCommand(Object(Symfony\\Component\\Console\\Input\\ArgvInput))
#6 {main}
"} 
[2026-01-22 04:42:55] local.ERROR: There are no commands defined in the "ide-helper" namespace. {"exception":"[object] (Symfony\\Component\\Console\\Exception\\NamespaceNotFoundException(code: 0): There are no commands defined in the \"ide-helper\" namespace. at C:\\Agrocalidad\\Aplicaciones\\interoperabilidad_intercom\\vendor\\symfony\\console\\Application.php:660)
[stacktrace]
#0 C:\\Agrocalidad\\Aplicaciones\\interoperabilidad_intercom\\vendor\\symfony\\console\\Application.php(709): Symfony\\Component\\Console\\Application->findNamespace('ide-helper')
#1 C:\\Agrocalidad\\Aplicaciones\\interoperabilidad_intercom\\vendor\\symfony\\console\\Application.php(284): Symfony\\Component\\Console\\Application->find('ide-helper:gene...')
#2 C:\\Agrocalidad\\Aplicaciones\\interoperabilidad_intercom\\vendor\\symfony\\console\\Application.php(193): Symfony\\Component\\Console\\Application->doRun(Object(Symfony\\Component\\Console\\Input\\ArgvInput), Object(Symfony\\Component\\Console\\Output\\ConsoleOutput))
#3 C:\\Agrocalidad\\Aplicaciones\\interoperabilidad_intercom\\vendor\\laravel\\framework\\src\\Illuminate\\Foundation\\Console\\Kernel.php(197): Symfony\\Component\\Console\\Application->run(Object(Symfony\\Component\\Console\\Input\\ArgvInput), Object(Symfony\\Component\\Console\\Output\\ConsoleOutput))
#4 C:\\Agrocalidad\\Aplicaciones\\interoperabilidad_intercom\\vendor\\laravel\\framework\\src\\Illuminate\\Foundation\\Application.php(1205): Illuminate\\Foundation\\Console\\Kernel->handle(Object(Symfony\\Component\\Console\\Input\\ArgvInput), Object(Symfony\\Component\\Console\\Output\\ConsoleOutput))
#5 C:\\Agrocalidad\\Aplicaciones\\interoperabilidad_intercom\\artisan(13): Illuminate\\Foundation\\Application->handleCommand(Object(Symfony\\Component\\Console\\Input\\ArgvInput))
#6 {main}
"} 
[2026-01-22 04:44:08] local.ERROR: There are no commands defined in the "ide-helper" namespace. {"exception":"[object] (Symfony\\Component\\Console\\Exception\\NamespaceNotFoundException(code: 0): There are no commands defined in the \"ide-helper\" namespace. at C:\\Agrocalidad\\Aplicaciones\\interoperabilidad_intercom\\vendor\\symfony\\console\\Application.php:660)
[stacktrace]
#0 C:\\Agrocalidad\\Aplicaciones\\interoperabilidad_intercom\\vendor\\symfony\\console\\Application.php(709): Symfony\\Component\\Console\\Application->findNamespace('ide-helper')
#1 C:\\Agrocalidad\\Aplicaciones\\interoperabilidad_intercom\\vendor\\symfony\\console\\Application.php(284): Symfony\\Component\\Console\\Application->find('ide-helper:gene...')
#2 C:\\Agrocalidad\\Aplicaciones\\interoperabilidad_intercom\\vendor\\symfony\\console\\Application.php(193): Symfony\\Component\\Console\\Application->doRun(Object(Symfony\\Component\\Console\\Input\\ArgvInput), Object(Symfony\\Component\\Console\\Output\\ConsoleOutput))
#3 C:\\Agrocalidad\\Aplicaciones\\interoperabilidad_intercom\\vendor\\laravel\\framework\\src\\Illuminate\\Foundation\\Console\\Kernel.php(197): Symfony\\Component\\Console\\Application->run(Object(Symfony\\Component\\Console\\Input\\ArgvInput), Object(Symfony\\Component\\Console\\Output\\ConsoleOutput))
#4 C:\\Agrocalidad\\Aplicaciones\\interoperabilidad_intercom\\vendor\\laravel\\framework\\src\\Illuminate\\Foundation\\Application.php(1205): Illuminate\\Foundation\\Console\\Kernel->handle(Object(Symfony\\Component\\Console\\Input\\ArgvInput), Object(Symfony\\Component\\Console\\Output\\ConsoleOutput))
#5 C:\\Agrocalidad\\Aplicaciones\\interoperabilidad_intercom\\artisan(13): Illuminate\\Foundation\\Application->handleCommand(Object(Symfony\\Component\\Console\\Input\\ArgvInput))
#6 {main}
"} 
[2026-01-22 04:51:16] local.ERROR: There are no commands defined in the "ide-helper" namespace. {"exception":"[object] (Symfony\\Component\\Console\\Exception\\NamespaceNotFoundException(code: 0): There are no commands defined in the \"ide-helper\" namespace. at C:\\Agrocalidad\\Aplicaciones\\interoperabilidad_intercom\\vendor\\symfony\\console\\Application.php:660)
[stacktrace]
#0 C:\\Agrocalidad\\Aplicaciones\\interoperabilidad_intercom\\vendor\\symfony\\console\\Application.php(709): Symfony\\Component\\Console\\Application->findNamespace('ide-helper')
#1 C:\\Agrocalidad\\Aplicaciones\\interoperabilidad_intercom\\vendor\\symfony\\console\\Application.php(284): Symfony\\Component\\Console\\Application->find('ide-helper:gene...')
#2 C:\\Agrocalidad\\Aplicaciones\\interoperabilidad_intercom\\vendor\\symfony\\console\\Application.php(193): Symfony\\Component\\Console\\Application->doRun(Object(Symfony\\Component\\Console\\Input\\ArgvInput), Object(Symfony\\Component\\Console\\Output\\ConsoleOutput))
#3 C:\\Agrocalidad\\Aplicaciones\\interoperabilidad_intercom\\vendor\\laravel\\framework\\src\\Illuminate\\Foundation\\Console\\Kernel.php(197): Symfony\\Component\\Console\\Application->run(Object(Symfony\\Component\\Console\\Input\\ArgvInput), Object(Symfony\\Component\\Console\\Output\\ConsoleOutput))
#4 C:\\Agrocalidad\\Aplicaciones\\interoperabilidad_intercom\\vendor\\laravel\\framework\\src\\Illuminate\\Foundation\\Application.php(1205): Illuminate\\Foundation\\Console\\Kernel->handle(Object(Symfony\\Component\\Console\\Input\\ArgvInput), Object(Symfony\\Component\\Console\\Output\\ConsoleOutput))
#5 C:\\Agrocalidad\\Aplicaciones\\interoperabilidad_intercom\\artisan(13): Illuminate\\Foundation\\Application->handleCommand(Object(Symfony\\Component\\Console\\Input\\ArgvInput))
#6 {main}
"} 
[2026-01-22 04:52:41] local.ERROR: There are no commands defined in the "ide-helper" namespace. {"exception":"[object] (Symfony\\Component\\Console\\Exception\\NamespaceNotFoundException(code: 0): There are no commands defined in the \"ide-helper\" namespace. at C:\\Agrocalidad\\Aplicaciones\\interoperabilidad_intercom\\vendor\\symfony\\console\\Application.php:660)
[stacktrace]
#0 C:\\Agrocalidad\\Aplicaciones\\interoperabilidad_intercom\\vendor\\symfony\\console\\Application.php(709): Symfony\\Component\\Console\\Application->findNamespace('ide-helper')
#1 C:\\Agrocalidad\\Aplicaciones\\interoperabilidad_intercom\\vendor\\symfony\\console\\Application.php(284): Symfony\\Component\\Console\\Application->find('ide-helper:gene...')
#2 C:\\Agrocalidad\\Aplicaciones\\interoperabilidad_intercom\\vendor\\symfony\\console\\Application.php(193): Symfony\\Component\\Console\\Application->doRun(Object(Symfony\\Component\\Console\\Input\\ArgvInput), Object(Symfony\\Component\\Console\\Output\\ConsoleOutput))
#3 C:\\Agrocalidad\\Aplicaciones\\interoperabilidad_intercom\\vendor\\laravel\\framework\\src\\Illuminate\\Foundation\\Console\\Kernel.php(197): Symfony\\Component\\Console\\Application->run(Object(Symfony\\Component\\Console\\Input\\ArgvInput), Object(Symfony\\Component\\Console\\Output\\ConsoleOutput))
#4 C:\\Agrocalidad\\Aplicaciones\\interoperabilidad_intercom\\vendor\\laravel\\framework\\src\\Illuminate\\Foundation\\Application.php(1205): Illuminate\\Foundation\\Console\\Kernel->handle(Object(Symfony\\Component\\Console\\Input\\ArgvInput), Object(Symfony\\Component\\Console\\Output\\ConsoleOutput))
#5 C:\\Agrocalidad\\Aplicaciones\\interoperabilidad_intercom\\artisan(13): Illuminate\\Foundation\\Application->handleCommand(Object(Symfony\\Component\\Console\\Input\\ArgvInput))
#6 {main}
"} 
[2026-01-22 04:53:43] local.ERROR: There are no commands defined in the "ide-helper" namespace. {"exception":"[object] (Symfony\\Component\\Console\\Exception\\NamespaceNotFoundException(code: 0): There are no commands defined in the \"ide-helper\" namespace. at C:\\Agrocalidad\\Aplicaciones\\interoperabilidad_intercom\\vendor\\symfony\\console\\Application.php:660)
[stacktrace]
#0 C:\\Agrocalidad\\Aplicaciones\\interoperabilidad_intercom\\vendor\\symfony\\console\\Application.php(709): Symfony\\Component\\Console\\Application->findNamespace('ide-helper')
#1 C:\\Agrocalidad\\Aplicaciones\\interoperabilidad_intercom\\vendor\\symfony\\console\\Application.php(284): Symfony\\Component\\Console\\Application->find('ide-helper:gene...')
#2 C:\\Agrocalidad\\Aplicaciones\\interoperabilidad_intercom\\vendor\\symfony\\console\\Application.php(193): Symfony\\Component\\Console\\Application->doRun(Object(Symfony\\Component\\Console\\Input\\ArgvInput), Object(Symfony\\Component\\Console\\Output\\ConsoleOutput))
#3 C:\\Agrocalidad\\Aplicaciones\\interoperabilidad_intercom\\vendor\\laravel\\framework\\src\\Illuminate\\Foundation\\Console\\Kernel.php(197): Symfony\\Component\\Console\\Application->run(Object(Symfony\\Component\\Console\\Input\\ArgvInput), Object(Symfony\\Component\\Console\\Output\\ConsoleOutput))
#4 C:\\Agrocalidad\\Aplicaciones\\interoperabilidad_intercom\\vendor\\laravel\\framework\\src\\Illuminate\\Foundation\\Application.php(1205): Illuminate\\Foundation\\Console\\Kernel->handle(Object(Symfony\\Component\\Console\\Input\\ArgvInput), Object(Symfony\\Component\\Console\\Output\\ConsoleOutput))
#5 C:\\Agrocalidad\\Aplicaciones\\interoperabilidad_intercom\\artisan(13): Illuminate\\Foundation\\Application->handleCommand(Object(Symfony\\Component\\Console\\Input\\ArgvInput))
#6 {main}
"} 
[2026-01-22 04:53:58] local.ERROR: There are no commands defined in the "ide-helper" namespace. {"exception":"[object] (Symfony\\Component\\Console\\Exception\\NamespaceNotFoundException(code: 0): There are no commands defined in the \"ide-helper\" namespace. at C:\\Agrocalidad\\Aplicaciones\\interoperabilidad_intercom\\vendor\\symfony\\console\\Application.php:660)
[stacktrace]
#0 C:\\Agrocalidad\\Aplicaciones\\interoperabilidad_intercom\\vendor\\symfony\\console\\Application.php(709): Symfony\\Component\\Console\\Application->findNamespace('ide-helper')
#1 C:\\Agrocalidad\\Aplicaciones\\interoperabilidad_intercom\\vendor\\symfony\\console\\Application.php(284): Symfony\\Component\\Console\\Application->find('ide-helper:gene...')
#2 C:\\Agrocalidad\\Aplicaciones\\interoperabilidad_intercom\\vendor\\symfony\\console\\Application.php(193): Symfony\\Component\\Console\\Application->doRun(Object(Symfony\\Component\\Console\\Input\\ArgvInput), Object(Symfony\\Component\\Console\\Output\\ConsoleOutput))
#3 C:\\Agrocalidad\\Aplicaciones\\interoperabilidad_intercom\\vendor\\laravel\\framework\\src\\Illuminate\\Foundation\\Console\\Kernel.php(197): Symfony\\Component\\Console\\Application->run(Object(Symfony\\Component\\Console\\Input\\ArgvInput), Object(Symfony\\Component\\Console\\Output\\ConsoleOutput))
#4 C:\\Agrocalidad\\Aplicaciones\\interoperabilidad_intercom\\vendor\\laravel\\framework\\src\\Illuminate\\Foundation\\Application.php(1205): Illuminate\\Foundation\\Console\\Kernel->handle(Object(Symfony\\Component\\Console\\Input\\ArgvInput), Object(Symfony\\Component\\Console\\Output\\ConsoleOutput))
#5 C:\\Agrocalidad\\Aplicaciones\\interoperabilidad_intercom\\artisan(13): Illuminate\\Foundation\\Application->handleCommand(Object(Symfony\\Component\\Console\\Input\\ArgvInput))
#6 {main}
"} 
[2026-01-22 04:55:20] local.ERROR: There are no commands defined in the "ide-helper" namespace. {"exception":"[object] (Symfony\\Component\\Console\\Exception\\NamespaceNotFoundException(code: 0): There are no commands defined in the \"ide-helper\" namespace. at C:\\Agrocalidad\\Aplicaciones\\interoperabilidad_intercom\\vendor\\symfony\\console\\Application.php:660)
[stacktrace]
#0 C:\\Agrocalidad\\Aplicaciones\\interoperabilidad_intercom\\vendor\\symfony\\console\\Application.php(709): Symfony\\Component\\Console\\Application->findNamespace('ide-helper')
#1 C:\\Agrocalidad\\Aplicaciones\\interoperabilidad_intercom\\vendor\\symfony\\console\\Application.php(284): Symfony\\Component\\Console\\Application->find('ide-helper:gene...')
#2 C:\\Agrocalidad\\Aplicaciones\\interoperabilidad_intercom\\vendor\\symfony\\console\\Application.php(193): Symfony\\Component\\Console\\Application->doRun(Object(Symfony\\Component\\Console\\Input\\ArgvInput), Object(Symfony\\Component\\Console\\Output\\ConsoleOutput))
#3 C:\\Agrocalidad\\Aplicaciones\\interoperabilidad_intercom\\vendor\\laravel\\framework\\src\\Illuminate\\Foundation\\Console\\Kernel.php(197): Symfony\\Component\\Console\\Application->run(Object(Symfony\\Component\\Console\\Input\\ArgvInput), Object(Symfony\\Component\\Console\\Output\\ConsoleOutput))
#4 C:\\Agrocalidad\\Aplicaciones\\interoperabilidad_intercom\\vendor\\laravel\\framework\\src\\Illuminate\\Foundation\\Application.php(1205): Illuminate\\Foundation\\Console\\Kernel->handle(Object(Symfony\\Component\\Console\\Input\\ArgvInput), Object(Symfony\\Component\\Console\\Output\\ConsoleOutput))
#5 C:\\Agrocalidad\\Aplicaciones\\interoperabilidad_intercom\\artisan(13): Illuminate\\Foundation\\Application->handleCommand(Object(Symfony\\Component\\Console\\Input\\ArgvInput))
#6 {main}
"} 
[2026-01-22 04:57:10] local.ERROR: There are no commands defined in the "ide-helper" namespace. {"exception":"[object] (Symfony\\Component\\Console\\Exception\\NamespaceNotFoundException(code: 0): There are no commands defined in the \"ide-helper\" namespace. at C:\\Agrocalidad\\Aplicaciones\\interoperabilidad_intercom\\vendor\\symfony\\console\\Application.php:660)
[stacktrace]
#0 C:\\Agrocalidad\\Aplicaciones\\interoperabilidad_intercom\\vendor\\symfony\\console\\Application.php(709): Symfony\\Component\\Console\\Application->findNamespace('ide-helper')
#1 C:\\Agrocalidad\\Aplicaciones\\interoperabilidad_intercom\\vendor\\symfony\\console\\Application.php(284): Symfony\\Component\\Console\\Application->find('ide-helper:gene...')
#2 C:\\Agrocalidad\\Aplicaciones\\interoperabilidad_intercom\\vendor\\symfony\\console\\Application.php(193): Symfony\\Component\\Console\\Application->doRun(Object(Symfony\\Component\\Console\\Input\\ArgvInput), Object(Symfony\\Component\\Console\\Output\\ConsoleOutput))
#3 C:\\Agrocalidad\\Aplicaciones\\interoperabilidad_intercom\\vendor\\laravel\\framework\\src\\Illuminate\\Foundation\\Console\\Kernel.php(197): Symfony\\Component\\Console\\Application->run(Object(Symfony\\Component\\Console\\Input\\ArgvInput), Object(Symfony\\Component\\Console\\Output\\ConsoleOutput))
#4 C:\\Agrocalidad\\Aplicaciones\\interoperabilidad_intercom\\vendor\\laravel\\framework\\src\\Illuminate\\Foundation\\Application.php(1205): Illuminate\\Foundation\\Console\\Kernel->handle(Object(Symfony\\Component\\Console\\Input\\ArgvInput), Object(Symfony\\Component\\Console\\Output\\ConsoleOutput))
#5 C:\\Agrocalidad\\Aplicaciones\\interoperabilidad_intercom\\artisan(13): Illuminate\\Foundation\\Application->handleCommand(Object(Symfony\\Component\\Console\\Input\\ArgvInput))
#6 {main}
"} 
[2026-01-22 05:00:33] local.ERROR: There are no commands defined in the "ide-helper" namespace. {"exception":"[object] (Symfony\\Component\\Console\\Exception\\NamespaceNotFoundException(code: 0): There are no commands defined in the \"ide-helper\" namespace. at C:\\Agrocalidad\\Aplicaciones\\interoperabilidad_intercom\\vendor\\symfony\\console\\Application.php:660)
[stacktrace]
#0 C:\\Agrocalidad\\Aplicaciones\\interoperabilidad_intercom\\vendor\\symfony\\console\\Application.php(709): Symfony\\Component\\Console\\Application->findNamespace('ide-helper')
#1 C:\\Agrocalidad\\Aplicaciones\\interoperabilidad_intercom\\vendor\\symfony\\console\\Application.php(284): Symfony\\Component\\Console\\Application->find('ide-helper:gene...')
#2 C:\\Agrocalidad\\Aplicaciones\\interoperabilidad_intercom\\vendor\\symfony\\console\\Application.php(193): Symfony\\Component\\Console\\Application->doRun(Object(Symfony\\Component\\Console\\Input\\ArgvInput), Object(Symfony\\Component\\Console\\Output\\ConsoleOutput))
#3 C:\\Agrocalidad\\Aplicaciones\\interoperabilidad_intercom\\vendor\\laravel\\framework\\src\\Illuminate\\Foundation\\Console\\Kernel.php(197): Symfony\\Component\\Console\\Application->run(Object(Symfony\\Component\\Console\\Input\\ArgvInput), Object(Symfony\\Component\\Console\\Output\\ConsoleOutput))
#4 C:\\Agrocalidad\\Aplicaciones\\interoperabilidad_intercom\\vendor\\laravel\\framework\\src\\Illuminate\\Foundation\\Application.php(1205): Illuminate\\Foundation\\Console\\Kernel->handle(Object(Symfony\\Component\\Console\\Input\\ArgvInput), Object(Symfony\\Component\\Console\\Output\\ConsoleOutput))
#5 C:\\Agrocalidad\\Aplicaciones\\interoperabilidad_intercom\\artisan(13): Illuminate\\Foundation\\Application->handleCommand(Object(Symfony\\Component\\Console\\Input\\ArgvInput))
#6 {main}
"} 
[2026-01-22 05:01:04] local.ERROR: There are no commands defined in the "ide-helper" namespace. {"exception":"[object] (Symfony\\Component\\Console\\Exception\\NamespaceNotFoundException(code: 0): There are no commands defined in the \"ide-helper\" namespace. at C:\\Agrocalidad\\Aplicaciones\\interoperabilidad_intercom\\vendor\\symfony\\console\\Application.php:660)
[stacktrace]
#0 C:\\Agrocalidad\\Aplicaciones\\interoperabilidad_intercom\\vendor\\symfony\\console\\Application.php(709): Symfony\\Component\\Console\\Application->findNamespace('ide-helper')
#1 C:\\Agrocalidad\\Aplicaciones\\interoperabilidad_intercom\\vendor\\symfony\\console\\Application.php(284): Symfony\\Component\\Console\\Application->find('ide-helper:gene...')
#2 C:\\Agrocalidad\\Aplicaciones\\interoperabilidad_intercom\\vendor\\symfony\\console\\Application.php(193): Symfony\\Component\\Console\\Application->doRun(Object(Symfony\\Component\\Console\\Input\\ArgvInput), Object(Symfony\\Component\\Console\\Output\\ConsoleOutput))
#3 C:\\Agrocalidad\\Aplicaciones\\interoperabilidad_intercom\\vendor\\laravel\\framework\\src\\Illuminate\\Foundation\\Console\\Kernel.php(197): Symfony\\Component\\Console\\Application->run(Object(Symfony\\Component\\Console\\Input\\ArgvInput), Object(Symfony\\Component\\Console\\Output\\ConsoleOutput))
#4 C:\\Agrocalidad\\Aplicaciones\\interoperabilidad_intercom\\vendor\\laravel\\framework\\src\\Illuminate\\Foundation\\Application.php(1205): Illuminate\\Foundation\\Console\\Kernel->handle(Object(Symfony\\Component\\Console\\Input\\ArgvInput), Object(Symfony\\Component\\Console\\Output\\ConsoleOutput))
#5 C:\\Agrocalidad\\Aplicaciones\\interoperabilidad_intercom\\artisan(13): Illuminate\\Foundation\\Application->handleCommand(Object(Symfony\\Component\\Console\\Input\\ArgvInput))
#6 {main}
"} 
[2026-01-22 05:02:26] local.ERROR: There are no commands defined in the "ide-helper" namespace. {"exception":"[object] (Symfony\\Component\\Console\\Exception\\NamespaceNotFoundException(code: 0): There are no commands defined in the \"ide-helper\" namespace. at C:\\Agrocalidad\\Aplicaciones\\interoperabilidad_intercom\\vendor\\symfony\\console\\Application.php:660)
[stacktrace]
#0 C:\\Agrocalidad\\Aplicaciones\\interoperabilidad_intercom\\vendor\\symfony\\console\\Application.php(709): Symfony\\Component\\Console\\Application->findNamespace('ide-helper')
#1 C:\\Agrocalidad\\Aplicaciones\\interoperabilidad_intercom\\vendor\\symfony\\console\\Application.php(284): Symfony\\Component\\Console\\Application->find('ide-helper:gene...')
#2 C:\\Agrocalidad\\Aplicaciones\\interoperabilidad_intercom\\vendor\\symfony\\console\\Application.php(193): Symfony\\Component\\Console\\Application->doRun(Object(Symfony\\Component\\Console\\Input\\ArgvInput), Object(Symfony\\Component\\Console\\Output\\ConsoleOutput))
#3 C:\\Agrocalidad\\Aplicaciones\\interoperabilidad_intercom\\vendor\\laravel\\framework\\src\\Illuminate\\Foundation\\Console\\Kernel.php(197): Symfony\\Component\\Console\\Application->run(Object(Symfony\\Component\\Console\\Input\\ArgvInput), Object(Symfony\\Component\\Console\\Output\\ConsoleOutput))
#4 C:\\Agrocalidad\\Aplicaciones\\interoperabilidad_intercom\\vendor\\laravel\\framework\\src\\Illuminate\\Foundation\\Application.php(1205): Illuminate\\Foundation\\Console\\Kernel->handle(Object(Symfony\\Component\\Console\\Input\\ArgvInput), Object(Symfony\\Component\\Console\\Output\\ConsoleOutput))
#5 C:\\Agrocalidad\\Aplicaciones\\interoperabilidad_intercom\\artisan(13): Illuminate\\Foundation\\Application->handleCommand(Object(Symfony\\Component\\Console\\Input\\ArgvInput))
#6 {main}
"} 
[2026-01-22 05:03:49] local.ERROR: There are no commands defined in the "ide-helper" namespace. {"exception":"[object] (Symfony\\Component\\Console\\Exception\\NamespaceNotFoundException(code: 0): There are no commands defined in the \"ide-helper\" namespace. at C:\\Agrocalidad\\Aplicaciones\\interoperabilidad_intercom\\vendor\\symfony\\console\\Application.php:660)
[stacktrace]
#0 C:\\Agrocalidad\\Aplicaciones\\interoperabilidad_intercom\\vendor\\symfony\\console\\Application.php(709): Symfony\\Component\\Console\\Application->findNamespace('ide-helper')
#1 C:\\Agrocalidad\\Aplicaciones\\interoperabilidad_intercom\\vendor\\symfony\\console\\Application.php(284): Symfony\\Component\\Console\\Application->find('ide-helper:gene...')
#2 C:\\Agrocalidad\\Aplicaciones\\interoperabilidad_intercom\\vendor\\symfony\\console\\Application.php(193): Symfony\\Component\\Console\\Application->doRun(Object(Symfony\\Component\\Console\\Input\\ArgvInput), Object(Symfony\\Component\\Console\\Output\\ConsoleOutput))
#3 C:\\Agrocalidad\\Aplicaciones\\interoperabilidad_intercom\\vendor\\laravel\\framework\\src\\Illuminate\\Foundation\\Console\\Kernel.php(197): Symfony\\Component\\Console\\Application->run(Object(Symfony\\Component\\Console\\Input\\ArgvInput), Object(Symfony\\Component\\Console\\Output\\ConsoleOutput))
#4 C:\\Agrocalidad\\Aplicaciones\\interoperabilidad_intercom\\vendor\\laravel\\framework\\src\\Illuminate\\Foundation\\Application.php(1205): Illuminate\\Foundation\\Console\\Kernel->handle(Object(Symfony\\Component\\Console\\Input\\ArgvInput), Object(Symfony\\Component\\Console\\Output\\ConsoleOutput))
#5 C:\\Agrocalidad\\Aplicaciones\\interoperabilidad_intercom\\artisan(13): Illuminate\\Foundation\\Application->handleCommand(Object(Symfony\\Component\\Console\\Input\\ArgvInput))
#6 {main}
"} 
[2026-01-22 05:03:56] local.ERROR: There are no commands defined in the "ide-helper" namespace. {"exception":"[object] (Symfony\\Component\\Console\\Exception\\NamespaceNotFoundException(code: 0): There are no commands defined in the \"ide-helper\" namespace. at C:\\Agrocalidad\\Aplicaciones\\interoperabilidad_intercom\\vendor\\symfony\\console\\Application.php:660)
[stacktrace]
#0 C:\\Agrocalidad\\Aplicaciones\\interoperabilidad_intercom\\vendor\\symfony\\console\\Application.php(709): Symfony\\Component\\Console\\Application->findNamespace('ide-helper')
#1 C:\\Agrocalidad\\Aplicaciones\\interoperabilidad_intercom\\vendor\\symfony\\console\\Application.php(284): Symfony\\Component\\Console\\Application->find('ide-helper:gene...')
#2 C:\\Agrocalidad\\Aplicaciones\\interoperabilidad_intercom\\vendor\\symfony\\console\\Application.php(193): Symfony\\Component\\Console\\Application->doRun(Object(Symfony\\Component\\Console\\Input\\ArgvInput), Object(Symfony\\Component\\Console\\Output\\ConsoleOutput))
#3 C:\\Agrocalidad\\Aplicaciones\\interoperabilidad_intercom\\vendor\\laravel\\framework\\src\\Illuminate\\Foundation\\Console\\Kernel.php(197): Symfony\\Component\\Console\\Application->run(Object(Symfony\\Component\\Console\\Input\\ArgvInput), Object(Symfony\\Component\\Console\\Output\\ConsoleOutput))
#4 C:\\Agrocalidad\\Aplicaciones\\interoperabilidad_intercom\\vendor\\laravel\\framework\\src\\Illuminate\\Foundation\\Application.php(1205): Illuminate\\Foundation\\Console\\Kernel->handle(Object(Symfony\\Component\\Console\\Input\\ArgvInput), Object(Symfony\\Component\\Console\\Output\\ConsoleOutput))
#5 C:\\Agrocalidad\\Aplicaciones\\interoperabilidad_intercom\\artisan(13): Illuminate\\Foundation\\Application->handleCommand(Object(Symfony\\Component\\Console\\Input\\ArgvInput))
#6 {main}
"} 
[2026-01-22 05:05:06] local.ERROR: There are no commands defined in the "ide-helper" namespace. {"exception":"[object] (Symfony\\Component\\Console\\Exception\\NamespaceNotFoundException(code: 0): There are no commands defined in the \"ide-helper\" namespace. at C:\\Agrocalidad\\Aplicaciones\\interoperabilidad_intercom\\vendor\\symfony\\console\\Application.php:660)
[stacktrace]
#0 C:\\Agrocalidad\\Aplicaciones\\interoperabilidad_intercom\\vendor\\symfony\\console\\Application.php(709): Symfony\\Component\\Console\\Application->findNamespace('ide-helper')
#1 C:\\Agrocalidad\\Aplicaciones\\interoperabilidad_intercom\\vendor\\symfony\\console\\Application.php(284): Symfony\\Component\\Console\\Application->find('ide-helper:gene...')
#2 C:\\Agrocalidad\\Aplicaciones\\interoperabilidad_intercom\\vendor\\symfony\\console\\Application.php(193): Symfony\\Component\\Console\\Application->doRun(Object(Symfony\\Component\\Console\\Input\\ArgvInput), Object(Symfony\\Component\\Console\\Output\\ConsoleOutput))
#3 C:\\Agrocalidad\\Aplicaciones\\interoperabilidad_intercom\\vendor\\laravel\\framework\\src\\Illuminate\\Foundation\\Console\\Kernel.php(197): Symfony\\Component\\Console\\Application->run(Object(Symfony\\Component\\Console\\Input\\ArgvInput), Object(Symfony\\Component\\Console\\Output\\ConsoleOutput))
#4 C:\\Agrocalidad\\Aplicaciones\\interoperabilidad_intercom\\vendor\\laravel\\framework\\src\\Illuminate\\Foundation\\Application.php(1205): Illuminate\\Foundation\\Console\\Kernel->handle(Object(Symfony\\Component\\Console\\Input\\ArgvInput), Object(Symfony\\Component\\Console\\Output\\ConsoleOutput))
#5 C:\\Agrocalidad\\Aplicaciones\\interoperabilidad_intercom\\artisan(13): Illuminate\\Foundation\\Application->handleCommand(Object(Symfony\\Component\\Console\\Input\\ArgvInput))
#6 {main}
"} 
[2026-01-22 05:05:33] local.ERROR: There are no commands defined in the "ide-helper" namespace. {"exception":"[object] (Symfony\\Component\\Console\\Exception\\NamespaceNotFoundException(code: 0): There are no commands defined in the \"ide-helper\" namespace. at C:\\Agrocalidad\\Aplicaciones\\interoperabilidad_intercom\\vendor\\symfony\\console\\Application.php:660)
[stacktrace]
#0 C:\\Agrocalidad\\Aplicaciones\\interoperabilidad_intercom\\vendor\\symfony\\console\\Application.php(709): Symfony\\Component\\Console\\Application->findNamespace('ide-helper')
#1 C:\\Agrocalidad\\Aplicaciones\\interoperabilidad_intercom\\vendor\\symfony\\console\\Application.php(284): Symfony\\Component\\Console\\Application->find('ide-helper:gene...')
#2 C:\\Agrocalidad\\Aplicaciones\\interoperabilidad_intercom\\vendor\\symfony\\console\\Application.php(193): Symfony\\Component\\Console\\Application->doRun(Object(Symfony\\Component\\Console\\Input\\ArgvInput), Object(Symfony\\Component\\Console\\Output\\ConsoleOutput))
#3 C:\\Agrocalidad\\Aplicaciones\\interoperabilidad_intercom\\vendor\\laravel\\framework\\src\\Illuminate\\Foundation\\Console\\Kernel.php(197): Symfony\\Component\\Console\\Application->run(Object(Symfony\\Component\\Console\\Input\\ArgvInput), Object(Symfony\\Component\\Console\\Output\\ConsoleOutput))
#4 C:\\Agrocalidad\\Aplicaciones\\interoperabilidad_intercom\\vendor\\laravel\\framework\\src\\Illuminate\\Foundation\\Application.php(1205): Illuminate\\Foundation\\Console\\Kernel->handle(Object(Symfony\\Component\\Console\\Input\\ArgvInput), Object(Symfony\\Component\\Console\\Output\\ConsoleOutput))
#5 C:\\Agrocalidad\\Aplicaciones\\interoperabilidad_intercom\\artisan(13): Illuminate\\Foundation\\Application->handleCommand(Object(Symfony\\Component\\Console\\Input\\ArgvInput))
#6 {main}
"} 
[2026-01-22 05:05:54] local.ERROR: There are no commands defined in the "ide-helper" namespace. {"exception":"[object] (Symfony\\Component\\Console\\Exception\\NamespaceNotFoundException(code: 0): There are no commands defined in the \"ide-helper\" namespace. at C:\\Agrocalidad\\Aplicaciones\\interoperabilidad_intercom\\vendor\\symfony\\console\\Application.php:660)
[stacktrace]
#0 C:\\Agrocalidad\\Aplicaciones\\interoperabilidad_intercom\\vendor\\symfony\\console\\Application.php(709): Symfony\\Component\\Console\\Application->findNamespace('ide-helper')
#1 C:\\Agrocalidad\\Aplicaciones\\interoperabilidad_intercom\\vendor\\symfony\\console\\Application.php(284): Symfony\\Component\\Console\\Application->find('ide-helper:gene...')
#2 C:\\Agrocalidad\\Aplicaciones\\interoperabilidad_intercom\\vendor\\symfony\\console\\Application.php(193): Symfony\\Component\\Console\\Application->doRun(Object(Symfony\\Component\\Console\\Input\\ArgvInput), Object(Symfony\\Component\\Console\\Output\\ConsoleOutput))
#3 C:\\Agrocalidad\\Aplicaciones\\interoperabilidad_intercom\\vendor\\laravel\\framework\\src\\Illuminate\\Foundation\\Console\\Kernel.php(197): Symfony\\Component\\Console\\Application->run(Object(Symfony\\Component\\Console\\Input\\ArgvInput), Object(Symfony\\Component\\Console\\Output\\ConsoleOutput))
#4 C:\\Agrocalidad\\Aplicaciones\\interoperabilidad_intercom\\vendor\\laravel\\framework\\src\\Illuminate\\Foundation\\Application.php(1205): Illuminate\\Foundation\\Console\\Kernel->handle(Object(Symfony\\Component\\Console\\Input\\ArgvInput), Object(Symfony\\Component\\Console\\Output\\ConsoleOutput))
#5 C:\\Agrocalidad\\Aplicaciones\\interoperabilidad_intercom\\artisan(13): Illuminate\\Foundation\\Application->handleCommand(Object(Symfony\\Component\\Console\\Input\\ArgvInput))
#6 {main}
"} 
[2026-01-22 05:06:03] local.ERROR: There are no commands defined in the "ide-helper" namespace. {"exception":"[object] (Symfony\\Component\\Console\\Exception\\NamespaceNotFoundException(code: 0): There are no commands defined in the \"ide-helper\" namespace. at C:\\Agrocalidad\\Aplicaciones\\interoperabilidad_intercom\\vendor\\symfony\\console\\Application.php:660)
[stacktrace]
#0 C:\\Agrocalidad\\Aplicaciones\\interoperabilidad_intercom\\vendor\\symfony\\console\\Application.php(709): Symfony\\Component\\Console\\Application->findNamespace('ide-helper')
#1 C:\\Agrocalidad\\Aplicaciones\\interoperabilidad_intercom\\vendor\\symfony\\console\\Application.php(284): Symfony\\Component\\Console\\Application->find('ide-helper:gene...')
#2 C:\\Agrocalidad\\Aplicaciones\\interoperabilidad_intercom\\vendor\\symfony\\console\\Application.php(193): Symfony\\Component\\Console\\Application->doRun(Object(Symfony\\Component\\Console\\Input\\ArgvInput), Object(Symfony\\Component\\Console\\Output\\ConsoleOutput))
#3 C:\\Agrocalidad\\Aplicaciones\\interoperabilidad_intercom\\vendor\\laravel\\framework\\src\\Illuminate\\Foundation\\Console\\Kernel.php(197): Symfony\\Component\\Console\\Application->run(Object(Symfony\\Component\\Console\\Input\\ArgvInput), Object(Symfony\\Component\\Console\\Output\\ConsoleOutput))
#4 C:\\Agrocalidad\\Aplicaciones\\interoperabilidad_intercom\\vendor\\laravel\\framework\\src\\Illuminate\\Foundation\\Application.php(1205): Illuminate\\Foundation\\Console\\Kernel->handle(Object(Symfony\\Component\\Console\\Input\\ArgvInput), Object(Symfony\\Component\\Console\\Output\\ConsoleOutput))
#5 C:\\Agrocalidad\\Aplicaciones\\interoperabilidad_intercom\\artisan(13): Illuminate\\Foundation\\Application->handleCommand(Object(Symfony\\Component\\Console\\Input\\ArgvInput))
#6 {main}
"} 
[2026-01-22 05:06:16] local.ERROR: There are no commands defined in the "ide-helper" namespace. {"exception":"[object] (Symfony\\Component\\Console\\Exception\\NamespaceNotFoundException(code: 0): There are no commands defined in the \"ide-helper\" namespace. at C:\\Agrocalidad\\Aplicaciones\\interoperabilidad_intercom\\vendor\\symfony\\console\\Application.php:660)
[stacktrace]
#0 C:\\Agrocalidad\\Aplicaciones\\interoperabilidad_intercom\\vendor\\symfony\\console\\Application.php(709): Symfony\\Component\\Console\\Application->findNamespace('ide-helper')
#1 C:\\Agrocalidad\\Aplicaciones\\interoperabilidad_intercom\\vendor\\symfony\\console\\Application.php(284): Symfony\\Component\\Console\\Application->find('ide-helper:gene...')
#2 C:\\Agrocalidad\\Aplicaciones\\interoperabilidad_intercom\\vendor\\symfony\\console\\Application.php(193): Symfony\\Component\\Console\\Application->doRun(Object(Symfony\\Component\\Console\\Input\\ArgvInput), Object(Symfony\\Component\\Console\\Output\\ConsoleOutput))
#3 C:\\Agrocalidad\\Aplicaciones\\interoperabilidad_intercom\\vendor\\laravel\\framework\\src\\Illuminate\\Foundation\\Console\\Kernel.php(197): Symfony\\Component\\Console\\Application->run(Object(Symfony\\Component\\Console\\Input\\ArgvInput), Object(Symfony\\Component\\Console\\Output\\ConsoleOutput))
#4 C:\\Agrocalidad\\Aplicaciones\\interoperabilidad_intercom\\vendor\\laravel\\framework\\src\\Illuminate\\Foundation\\Application.php(1205): Illuminate\\Foundation\\Console\\Kernel->handle(Object(Symfony\\Component\\Console\\Input\\ArgvInput), Object(Symfony\\Component\\Console\\Output\\ConsoleOutput))
#5 C:\\Agrocalidad\\Aplicaciones\\interoperabilidad_intercom\\artisan(13): Illuminate\\Foundation\\Application->handleCommand(Object(Symfony\\Component\\Console\\Input\\ArgvInput))
#6 {main}
"} 
[2026-01-22 05:06:33] local.ERROR: There are no commands defined in the "ide-helper" namespace. {"exception":"[object] (Symfony\\Component\\Console\\Exception\\NamespaceNotFoundException(code: 0): There are no commands defined in the \"ide-helper\" namespace. at C:\\Agrocalidad\\Aplicaciones\\interoperabilidad_intercom\\vendor\\symfony\\console\\Application.php:660)
[stacktrace]
#0 C:\\Agrocalidad\\Aplicaciones\\interoperabilidad_intercom\\vendor\\symfony\\console\\Application.php(709): Symfony\\Component\\Console\\Application->findNamespace('ide-helper')
#1 C:\\Agrocalidad\\Aplicaciones\\interoperabilidad_intercom\\vendor\\symfony\\console\\Application.php(284): Symfony\\Component\\Console\\Application->find('ide-helper:gene...')
#2 C:\\Agrocalidad\\Aplicaciones\\interoperabilidad_intercom\\vendor\\symfony\\console\\Application.php(193): Symfony\\Component\\Console\\Application->doRun(Object(Symfony\\Component\\Console\\Input\\ArgvInput), Object(Symfony\\Component\\Console\\Output\\ConsoleOutput))
#3 C:\\Agrocalidad\\Aplicaciones\\interoperabilidad_intercom\\vendor\\laravel\\framework\\src\\Illuminate\\Foundation\\Console\\Kernel.php(197): Symfony\\Component\\Console\\Application->run(Object(Symfony\\Component\\Console\\Input\\ArgvInput), Object(Symfony\\Component\\Console\\Output\\ConsoleOutput))
#4 C:\\Agrocalidad\\Aplicaciones\\interoperabilidad_intercom\\vendor\\laravel\\framework\\src\\Illuminate\\Foundation\\Application.php(1205): Illuminate\\Foundation\\Console\\Kernel->handle(Object(Symfony\\Component\\Console\\Input\\ArgvInput), Object(Symfony\\Component\\Console\\Output\\ConsoleOutput))
#5 C:\\Agrocalidad\\Aplicaciones\\interoperabilidad_intercom\\artisan(13): Illuminate\\Foundation\\Application->handleCommand(Object(Symfony\\Component\\Console\\Input\\ArgvInput))
#6 {main}
"} 
