[2026-01-24 00:06:57] local.ERROR: There are no commands defined in the "ide-helper" namespace. {"exception":"[object] (Symfony\\Component\\Console\\Exception\\NamespaceNotFoundException(code: 0): There are no commands defined in the \"ide-helper\" namespace. at C:\\Agrocalidad\\Aplicaciones\\interoperabilidad_intercom\\vendor\\symfony\\console\\Application.php:660)
[stacktrace]
#0 C:\\Agrocalidad\\Aplicaciones\\interoperabilidad_intercom\\vendor\\symfony\\console\\Application.php(709): Symfony\\Component\\Console\\Application->findNamespace('ide-helper')
#1 C:\\Agrocalidad\\Aplicaciones\\interoperabilidad_intercom\\vendor\\symfony\\console\\Application.php(284): Symfony\\Component\\Console\\Application->find('ide-helper:gene...')
#2 C:\\Agrocalidad\\Aplicaciones\\interoperabilidad_intercom\\vendor\\symfony\\console\\Application.php(193): Symfony\\Component\\Console\\Application->doRun(Object(Symfony\\Component\\Console\\Input\\ArgvInput), Object(Symfony\\Component\\Console\\Output\\ConsoleOutput))
#3 C:\\Agrocalidad\\Aplicaciones\\interoperabilidad_intercom\\vendor\\laravel\\framework\\src\\Illuminate\\Foundation\\Console\\Kernel.php(197): Symfony\\Component\\Console\\Application->run(Object(Symfony\\Component\\Console\\Input\\ArgvInput), Object(Symfony\\Component\\Console\\Output\\ConsoleOutput))
#4 C:\\Agrocalidad\\Aplicaciones\\interoperabilidad_intercom\\vendor\\laravel\\framework\\src\\Illuminate\\Foundation\\Application.php(1205): Illuminate\\Foundation\\Console\\Kernel->handle(Object(Symfony\\Component\\Console\\Input\\ArgvInput), Object(Symfony\\Component\\Console\\Output\\ConsoleOutput))
#5 C:\\Agrocalidad\\Aplicaciones\\interoperabilidad_intercom\\artisan(13): Illuminate\\Foundation\\Application->handleCommand(Object(Symfony\\Component\\Console\\Input\\ArgvInput))
#6 {main}
"} 
[2026-01-24 00:14:14] local.ERROR: There are no commands defined in the "ide-helper" namespace. {"exception":"[object] (Symfony\\Component\\Console\\Exception\\NamespaceNotFoundException(code: 0): There are no commands defined in the \"ide-helper\" namespace. at C:\\Agrocalidad\\Aplicaciones\\interoperabilidad_intercom\\vendor\\symfony\\console\\Application.php:660)
[stacktrace]
#0 C:\\Agrocalidad\\Aplicaciones\\interoperabilidad_intercom\\vendor\\symfony\\console\\Application.php(709): Symfony\\Component\\Console\\Application->findNamespace('ide-helper')
#1 C:\\Agrocalidad\\Aplicaciones\\interoperabilidad_intercom\\vendor\\symfony\\console\\Application.php(284): Symfony\\Component\\Console\\Application->find('ide-helper:gene...')
#2 C:\\Agrocalidad\\Aplicaciones\\interoperabilidad_intercom\\vendor\\symfony\\console\\Application.php(193): Symfony\\Component\\Console\\Application->doRun(Object(Symfony\\Component\\Console\\Input\\ArgvInput), Object(Symfony\\Component\\Console\\Output\\ConsoleOutput))
#3 C:\\Agrocalidad\\Aplicaciones\\interoperabilidad_intercom\\vendor\\laravel\\framework\\src\\Illuminate\\Foundation\\Console\\Kernel.php(197): Symfony\\Component\\Console\\Application->run(Object(Symfony\\Component\\Console\\Input\\ArgvInput), Object(Symfony\\Component\\Console\\Output\\ConsoleOutput))
#4 C:\\Agrocalidad\\Aplicaciones\\interoperabilidad_intercom\\vendor\\laravel\\framework\\src\\Illuminate\\Foundation\\Application.php(1205): Illuminate\\Foundation\\Console\\Kernel->handle(Object(Symfony\\Component\\Console\\Input\\ArgvInput), Object(Symfony\\Component\\Console\\Output\\ConsoleOutput))
#5 C:\\Agrocalidad\\Aplicaciones\\interoperabilidad_intercom\\artisan(13): Illuminate\\Foundation\\Application->handleCommand(Object(Symfony\\Component\\Console\\Input\\ArgvInput))
#6 {main}
"} 
[2026-01-24 00:14:52] local.ERROR: There are no commands defined in the "ide-helper" namespace. {"exception":"[object] (Symfony\\Component\\Console\\Exception\\NamespaceNotFoundException(code: 0): There are no commands defined in the \"ide-helper\" namespace. at C:\\Agrocalidad\\Aplicaciones\\interoperabilidad_intercom\\vendor\\symfony\\console\\Application.php:660)
[stacktrace]
#0 C:\\Agrocalidad\\Aplicaciones\\interoperabilidad_intercom\\vendor\\symfony\\console\\Application.php(709): Symfony\\Component\\Console\\Application->findNamespace('ide-helper')
#1 C:\\Agrocalidad\\Aplicaciones\\interoperabilidad_intercom\\vendor\\symfony\\console\\Application.php(284): Symfony\\Component\\Console\\Application->find('ide-helper:gene...')
#2 C:\\Agrocalidad\\Aplicaciones\\interoperabilidad_intercom\\vendor\\symfony\\console\\Application.php(193): Symfony\\Component\\Console\\Application->doRun(Object(Symfony\\Component\\Console\\Input\\ArgvInput), Object(Symfony\\Component\\Console\\Output\\ConsoleOutput))
#3 C:\\Agrocalidad\\Aplicaciones\\interoperabilidad_intercom\\vendor\\laravel\\framework\\src\\Illuminate\\Foundation\\Console\\Kernel.php(197): Symfony\\Component\\Console\\Application->run(Object(Symfony\\Component\\Console\\Input\\ArgvInput), Object(Symfony\\Component\\Console\\Output\\ConsoleOutput))
#4 C:\\Agrocalidad\\Aplicaciones\\interoperabilidad_intercom\\vendor\\laravel\\framework\\src\\Illuminate\\Foundation\\Application.php(1205): Illuminate\\Foundation\\Console\\Kernel->handle(Object(Symfony\\Component\\Console\\Input\\ArgvInput), Object(Symfony\\Component\\Console\\Output\\ConsoleOutput))
#5 C:\\Agrocalidad\\Aplicaciones\\interoperabilidad_intercom\\artisan(13): Illuminate\\Foundation\\Application->handleCommand(Object(Symfony\\Component\\Console\\Input\\ArgvInput))
#6 {main}
"} 
[2026-01-24 00:15:48] local.ERROR: There are no commands defined in the "ide-helper" namespace. {"exception":"[object] (Symfony\\Component\\Console\\Exception\\NamespaceNotFoundException(code: 0): There are no commands defined in the \"ide-helper\" namespace. at C:\\Agrocalidad\\Aplicaciones\\interoperabilidad_intercom\\vendor\\symfony\\console\\Application.php:660)
[stacktrace]
#0 C:\\Agrocalidad\\Aplicaciones\\interoperabilidad_intercom\\vendor\\symfony\\console\\Application.php(709): Symfony\\Component\\Console\\Application->findNamespace('ide-helper')
#1 C:\\Agrocalidad\\Aplicaciones\\interoperabilidad_intercom\\vendor\\symfony\\console\\Application.php(284): Symfony\\Component\\Console\\Application->find('ide-helper:gene...')
#2 C:\\Agrocalidad\\Aplicaciones\\interoperabilidad_intercom\\vendor\\symfony\\console\\Application.php(193): Symfony\\Component\\Console\\Application->doRun(Object(Symfony\\Component\\Console\\Input\\ArgvInput), Object(Symfony\\Component\\Console\\Output\\ConsoleOutput))
#3 C:\\Agrocalidad\\Aplicaciones\\interoperabilidad_intercom\\vendor\\laravel\\framework\\src\\Illuminate\\Foundation\\Console\\Kernel.php(197): Symfony\\Component\\Console\\Application->run(Object(Symfony\\Component\\Console\\Input\\ArgvInput), Object(Symfony\\Component\\Console\\Output\\ConsoleOutput))
#4 C:\\Agrocalidad\\Aplicaciones\\interoperabilidad_intercom\\vendor\\laravel\\framework\\src\\Illuminate\\Foundation\\Application.php(1205): Illuminate\\Foundation\\Console\\Kernel->handle(Object(Symfony\\Component\\Console\\Input\\ArgvInput), Object(Symfony\\Component\\Console\\Output\\ConsoleOutput))
#5 C:\\Agrocalidad\\Aplicaciones\\interoperabilidad_intercom\\artisan(13): Illuminate\\Foundation\\Application->handleCommand(Object(Symfony\\Component\\Console\\Input\\ArgvInput))
#6 {main}
"} 
[2026-01-24 00:16:02] local.ERROR: There are no commands defined in the "ide-helper" namespace. {"exception":"[object] (Symfony\\Component\\Console\\Exception\\NamespaceNotFoundException(code: 0): There are no commands defined in the \"ide-helper\" namespace. at C:\\Agrocalidad\\Aplicaciones\\interoperabilidad_intercom\\vendor\\symfony\\console\\Application.php:660)
[stacktrace]
#0 C:\\Agrocalidad\\Aplicaciones\\interoperabilidad_intercom\\vendor\\symfony\\console\\Application.php(709): Symfony\\Component\\Console\\Application->findNamespace('ide-helper')
#1 C:\\Agrocalidad\\Aplicaciones\\interoperabilidad_intercom\\vendor\\symfony\\console\\Application.php(284): Symfony\\Component\\Console\\Application->find('ide-helper:gene...')
#2 C:\\Agrocalidad\\Aplicaciones\\interoperabilidad_intercom\\vendor\\symfony\\console\\Application.php(193): Symfony\\Component\\Console\\Application->doRun(Object(Symfony\\Component\\Console\\Input\\ArgvInput), Object(Symfony\\Component\\Console\\Output\\ConsoleOutput))
#3 C:\\Agrocalidad\\Aplicaciones\\interoperabilidad_intercom\\vendor\\laravel\\framework\\src\\Illuminate\\Foundation\\Console\\Kernel.php(197): Symfony\\Component\\Console\\Application->run(Object(Symfony\\Component\\Console\\Input\\ArgvInput), Object(Symfony\\Component\\Console\\Output\\ConsoleOutput))
#4 C:\\Agrocalidad\\Aplicaciones\\interoperabilidad_intercom\\vendor\\laravel\\framework\\src\\Illuminate\\Foundation\\Application.php(1205): Illuminate\\Foundation\\Console\\Kernel->handle(Object(Symfony\\Component\\Console\\Input\\ArgvInput), Object(Symfony\\Component\\Console\\Output\\ConsoleOutput))
#5 C:\\Agrocalidad\\Aplicaciones\\interoperabilidad_intercom\\artisan(13): Illuminate\\Foundation\\Application->handleCommand(Object(Symfony\\Component\\Console\\Input\\ArgvInput))
#6 {main}
"} 
[2026-01-24 00:18:25] local.ERROR: There are no commands defined in the "ide-helper" namespace. {"exception":"[object] (Symfony\\Component\\Console\\Exception\\NamespaceNotFoundException(code: 0): There are no commands defined in the \"ide-helper\" namespace. at C:\\Agrocalidad\\Aplicaciones\\interoperabilidad_intercom\\vendor\\symfony\\console\\Application.php:660)
[stacktrace]
#0 C:\\Agrocalidad\\Aplicaciones\\interoperabilidad_intercom\\vendor\\symfony\\console\\Application.php(709): Symfony\\Component\\Console\\Application->findNamespace('ide-helper')
#1 C:\\Agrocalidad\\Aplicaciones\\interoperabilidad_intercom\\vendor\\symfony\\console\\Application.php(284): Symfony\\Component\\Console\\Application->find('ide-helper:gene...')
#2 C:\\Agrocalidad\\Aplicaciones\\interoperabilidad_intercom\\vendor\\symfony\\console\\Application.php(193): Symfony\\Component\\Console\\Application->doRun(Object(Symfony\\Component\\Console\\Input\\ArgvInput), Object(Symfony\\Component\\Console\\Output\\ConsoleOutput))
#3 C:\\Agrocalidad\\Aplicaciones\\interoperabilidad_intercom\\vendor\\laravel\\framework\\src\\Illuminate\\Foundation\\Console\\Kernel.php(197): Symfony\\Component\\Console\\Application->run(Object(Symfony\\Component\\Console\\Input\\ArgvInput), Object(Symfony\\Component\\Console\\Output\\ConsoleOutput))
#4 C:\\Agrocalidad\\Aplicaciones\\interoperabilidad_intercom\\vendor\\laravel\\framework\\src\\Illuminate\\Foundation\\Application.php(1205): Illuminate\\Foundation\\Console\\Kernel->handle(Object(Symfony\\Component\\Console\\Input\\ArgvInput), Object(Symfony\\Component\\Console\\Output\\ConsoleOutput))
#5 C:\\Agrocalidad\\Aplicaciones\\interoperabilidad_intercom\\artisan(13): Illuminate\\Foundation\\Application->handleCommand(Object(Symfony\\Component\\Console\\Input\\ArgvInput))
#6 {main}
"} 
[2026-01-24 00:29:18] local.ERROR: There are no commands defined in the "ide-helper" namespace. {"exception":"[object] (Symfony\\Component\\Console\\Exception\\NamespaceNotFoundException(code: 0): There are no commands defined in the \"ide-helper\" namespace. at C:\\Agrocalidad\\Aplicaciones\\interoperabilidad_intercom\\vendor\\symfony\\console\\Application.php:660)
[stacktrace]
#0 C:\\Agrocalidad\\Aplicaciones\\interoperabilidad_intercom\\vendor\\symfony\\console\\Application.php(709): Symfony\\Component\\Console\\Application->findNamespace('ide-helper')
#1 C:\\Agrocalidad\\Aplicaciones\\interoperabilidad_intercom\\vendor\\symfony\\console\\Application.php(284): Symfony\\Component\\Console\\Application->find('ide-helper:gene...')
#2 C:\\Agrocalidad\\Aplicaciones\\interoperabilidad_intercom\\vendor\\symfony\\console\\Application.php(193): Symfony\\Component\\Console\\Application->doRun(Object(Symfony\\Component\\Console\\Input\\ArgvInput), Object(Symfony\\Component\\Console\\Output\\ConsoleOutput))
#3 C:\\Agrocalidad\\Aplicaciones\\interoperabilidad_intercom\\vendor\\laravel\\framework\\src\\Illuminate\\Foundation\\Console\\Kernel.php(197): Symfony\\Component\\Console\\Application->run(Object(Symfony\\Component\\Console\\Input\\ArgvInput), Object(Symfony\\Component\\Console\\Output\\ConsoleOutput))
#4 C:\\Agrocalidad\\Aplicaciones\\interoperabilidad_intercom\\vendor\\laravel\\framework\\src\\Illuminate\\Foundation\\Application.php(1205): Illuminate\\Foundation\\Console\\Kernel->handle(Object(Symfony\\Component\\Console\\Input\\ArgvInput), Object(Symfony\\Component\\Console\\Output\\ConsoleOutput))
#5 C:\\Agrocalidad\\Aplicaciones\\interoperabilidad_intercom\\artisan(13): Illuminate\\Foundation\\Application->handleCommand(Object(Symfony\\Component\\Console\\Input\\ArgvInput))
#6 {main}
"} 
[2026-01-24 00:30:23] local.ERROR: There are no commands defined in the "ide-helper" namespace. {"exception":"[object] (Symfony\\Component\\Console\\Exception\\NamespaceNotFoundException(code: 0): There are no commands defined in the \"ide-helper\" namespace. at C:\\Agrocalidad\\Aplicaciones\\interoperabilidad_intercom\\vendor\\symfony\\console\\Application.php:660)
[stacktrace]
#0 C:\\Agrocalidad\\Aplicaciones\\interoperabilidad_intercom\\vendor\\symfony\\console\\Application.php(709): Symfony\\Component\\Console\\Application->findNamespace('ide-helper')
#1 C:\\Agrocalidad\\Aplicaciones\\interoperabilidad_intercom\\vendor\\symfony\\console\\Application.php(284): Symfony\\Component\\Console\\Application->find('ide-helper:gene...')
#2 C:\\Agrocalidad\\Aplicaciones\\interoperabilidad_intercom\\vendor\\symfony\\console\\Application.php(193): Symfony\\Component\\Console\\Application->doRun(Object(Symfony\\Component\\Console\\Input\\ArgvInput), Object(Symfony\\Component\\Console\\Output\\ConsoleOutput))
#3 C:\\Agrocalidad\\Aplicaciones\\interoperabilidad_intercom\\vendor\\laravel\\framework\\src\\Illuminate\\Foundation\\Console\\Kernel.php(197): Symfony\\Component\\Console\\Application->run(Object(Symfony\\Component\\Console\\Input\\ArgvInput), Object(Symfony\\Component\\Console\\Output\\ConsoleOutput))
#4 C:\\Agrocalidad\\Aplicaciones\\interoperabilidad_intercom\\vendor\\laravel\\framework\\src\\Illuminate\\Foundation\\Application.php(1205): Illuminate\\Foundation\\Console\\Kernel->handle(Object(Symfony\\Component\\Console\\Input\\ArgvInput), Object(Symfony\\Component\\Console\\Output\\ConsoleOutput))
#5 C:\\Agrocalidad\\Aplicaciones\\interoperabilidad_intercom\\artisan(13): Illuminate\\Foundation\\Application->handleCommand(Object(Symfony\\Component\\Console\\Input\\ArgvInput))
#6 {main}
"} 
[2026-01-24 00:30:53] local.ERROR: There are no commands defined in the "ide-helper" namespace. {"exception":"[object] (Symfony\\Component\\Console\\Exception\\NamespaceNotFoundException(code: 0): There are no commands defined in the \"ide-helper\" namespace. at C:\\Agrocalidad\\Aplicaciones\\interoperabilidad_intercom\\vendor\\symfony\\console\\Application.php:660)
[stacktrace]
#0 C:\\Agrocalidad\\Aplicaciones\\interoperabilidad_intercom\\vendor\\symfony\\console\\Application.php(709): Symfony\\Component\\Console\\Application->findNamespace('ide-helper')
#1 C:\\Agrocalidad\\Aplicaciones\\interoperabilidad_intercom\\vendor\\symfony\\console\\Application.php(284): Symfony\\Component\\Console\\Application->find('ide-helper:gene...')
#2 C:\\Agrocalidad\\Aplicaciones\\interoperabilidad_intercom\\vendor\\symfony\\console\\Application.php(193): Symfony\\Component\\Console\\Application->doRun(Object(Symfony\\Component\\Console\\Input\\ArgvInput), Object(Symfony\\Component\\Console\\Output\\ConsoleOutput))
#3 C:\\Agrocalidad\\Aplicaciones\\interoperabilidad_intercom\\vendor\\laravel\\framework\\src\\Illuminate\\Foundation\\Console\\Kernel.php(197): Symfony\\Component\\Console\\Application->run(Object(Symfony\\Component\\Console\\Input\\ArgvInput), Object(Symfony\\Component\\Console\\Output\\ConsoleOutput))
#4 C:\\Agrocalidad\\Aplicaciones\\interoperabilidad_intercom\\vendor\\laravel\\framework\\src\\Illuminate\\Foundation\\Application.php(1205): Illuminate\\Foundation\\Console\\Kernel->handle(Object(Symfony\\Component\\Console\\Input\\ArgvInput), Object(Symfony\\Component\\Console\\Output\\ConsoleOutput))
#5 C:\\Agrocalidad\\Aplicaciones\\interoperabilidad_intercom\\artisan(13): Illuminate\\Foundation\\Application->handleCommand(Object(Symfony\\Component\\Console\\Input\\ArgvInput))
#6 {main}
"} 
[2026-01-24 00:31:10] local.ERROR: There are no commands defined in the "ide-helper" namespace. {"exception":"[object] (Symfony\\Component\\Console\\Exception\\NamespaceNotFoundException(code: 0): There are no commands defined in the \"ide-helper\" namespace. at C:\\Agrocalidad\\Aplicaciones\\interoperabilidad_intercom\\vendor\\symfony\\console\\Application.php:660)
[stacktrace]
#0 C:\\Agrocalidad\\Aplicaciones\\interoperabilidad_intercom\\vendor\\symfony\\console\\Application.php(709): Symfony\\Component\\Console\\Application->findNamespace('ide-helper')
#1 C:\\Agrocalidad\\Aplicaciones\\interoperabilidad_intercom\\vendor\\symfony\\console\\Application.php(284): Symfony\\Component\\Console\\Application->find('ide-helper:gene...')
#2 C:\\Agrocalidad\\Aplicaciones\\interoperabilidad_intercom\\vendor\\symfony\\console\\Application.php(193): Symfony\\Component\\Console\\Application->doRun(Object(Symfony\\Component\\Console\\Input\\ArgvInput), Object(Symfony\\Component\\Console\\Output\\ConsoleOutput))
#3 C:\\Agrocalidad\\Aplicaciones\\interoperabilidad_intercom\\vendor\\laravel\\framework\\src\\Illuminate\\Foundation\\Console\\Kernel.php(197): Symfony\\Component\\Console\\Application->run(Object(Symfony\\Component\\Console\\Input\\ArgvInput), Object(Symfony\\Component\\Console\\Output\\ConsoleOutput))
#4 C:\\Agrocalidad\\Aplicaciones\\interoperabilidad_intercom\\vendor\\laravel\\framework\\src\\Illuminate\\Foundation\\Application.php(1205): Illuminate\\Foundation\\Console\\Kernel->handle(Object(Symfony\\Component\\Console\\Input\\ArgvInput), Object(Symfony\\Component\\Console\\Output\\ConsoleOutput))
#5 C:\\Agrocalidad\\Aplicaciones\\interoperabilidad_intercom\\artisan(13): Illuminate\\Foundation\\Application->handleCommand(Object(Symfony\\Component\\Console\\Input\\ArgvInput))
#6 {main}
"} 
[2026-01-24 00:49:11] local.ERROR: There are no commands defined in the "ide-helper" namespace. {"exception":"[object] (Symfony\\Component\\Console\\Exception\\NamespaceNotFoundException(code: 0): There are no commands defined in the \"ide-helper\" namespace. at C:\\Agrocalidad\\Aplicaciones\\interoperabilidad_intercom\\vendor\\symfony\\console\\Application.php:660)
[stacktrace]
#0 C:\\Agrocalidad\\Aplicaciones\\interoperabilidad_intercom\\vendor\\symfony\\console\\Application.php(709): Symfony\\Component\\Console\\Application->findNamespace('ide-helper')
#1 C:\\Agrocalidad\\Aplicaciones\\interoperabilidad_intercom\\vendor\\symfony\\console\\Application.php(284): Symfony\\Component\\Console\\Application->find('ide-helper:gene...')
#2 C:\\Agrocalidad\\Aplicaciones\\interoperabilidad_intercom\\vendor\\symfony\\console\\Application.php(193): Symfony\\Component\\Console\\Application->doRun(Object(Symfony\\Component\\Console\\Input\\ArgvInput), Object(Symfony\\Component\\Console\\Output\\ConsoleOutput))
#3 C:\\Agrocalidad\\Aplicaciones\\interoperabilidad_intercom\\vendor\\laravel\\framework\\src\\Illuminate\\Foundation\\Console\\Kernel.php(197): Symfony\\Component\\Console\\Application->run(Object(Symfony\\Component\\Console\\Input\\ArgvInput), Object(Symfony\\Component\\Console\\Output\\ConsoleOutput))
#4 C:\\Agrocalidad\\Aplicaciones\\interoperabilidad_intercom\\vendor\\laravel\\framework\\src\\Illuminate\\Foundation\\Application.php(1205): Illuminate\\Foundation\\Console\\Kernel->handle(Object(Symfony\\Component\\Console\\Input\\ArgvInput), Object(Symfony\\Component\\Console\\Output\\ConsoleOutput))
#5 C:\\Agrocalidad\\Aplicaciones\\interoperabilidad_intercom\\artisan(13): Illuminate\\Foundation\\Application->handleCommand(Object(Symfony\\Component\\Console\\Input\\ArgvInput))
#6 {main}
"} 
