[2025-10-03 01:15:35] local.ERROR: There are no commands defined in the "ide-helper" namespace. {"exception":"[object] (Symfony\\Component\\Console\\Exception\\NamespaceNotFoundException(code: 0): There are no commands defined in the \"ide-helper\" namespace. at C:\\Agrocalidad\\Aplicaciones\\interoperabilidad_intercom\\vendor\\symfony\\console\\Application.php:660)
[stacktrace]
#0 C:\\Agrocalidad\\Aplicaciones\\interoperabilidad_intercom\\vendor\\symfony\\console\\Application.php(709): Symfony\\Component\\Console\\Application->findNamespace('ide-helper')
#1 C:\\Agrocalidad\\Aplicaciones\\interoperabilidad_intercom\\vendor\\symfony\\console\\Application.php(284): Symfony\\Component\\Console\\Application->find('ide-helper:gene...')
#2 C:\\Agrocalidad\\Aplicaciones\\interoperabilidad_intercom\\vendor\\symfony\\console\\Application.php(193): Symfony\\Component\\Console\\Application->doRun(Object(Symfony\\Component\\Console\\Input\\ArgvInput), Object(Symfony\\Component\\Console\\Output\\ConsoleOutput))
#3 C:\\Agrocalidad\\Aplicaciones\\interoperabilidad_intercom\\vendor\\laravel\\framework\\src\\Illuminate\\Foundation\\Console\\Kernel.php(197): Symfony\\Component\\Console\\Application->run(Object(Symfony\\Component\\Console\\Input\\ArgvInput), Object(Symfony\\Component\\Console\\Output\\ConsoleOutput))
#4 C:\\Agrocalidad\\Aplicaciones\\interoperabilidad_intercom\\vendor\\laravel\\framework\\src\\Illuminate\\Foundation\\Application.php(1205): Illuminate\\Foundation\\Console\\Kernel->handle(Object(Symfony\\Component\\Console\\Input\\ArgvInput), Object(Symfony\\Component\\Console\\Output\\ConsoleOutput))
#5 C:\\Agrocalidad\\Aplicaciones\\interoperabilidad_intercom\\artisan(13): Illuminate\\Foundation\\Application->handleCommand(Object(Symfony\\Component\\Console\\Input\\ArgvInput))
#6 {main}
"} 
[2025-10-03 01:19:42] local.ERROR: There are no commands defined in the "ide-helper" namespace. {"exception":"[object] (Symfony\\Component\\Console\\Exception\\NamespaceNotFoundException(code: 0): There are no commands defined in the \"ide-helper\" namespace. at C:\\Agrocalidad\\Aplicaciones\\interoperabilidad_intercom\\vendor\\symfony\\console\\Application.php:660)
[stacktrace]
#0 C:\\Agrocalidad\\Aplicaciones\\interoperabilidad_intercom\\vendor\\symfony\\console\\Application.php(709): Symfony\\Component\\Console\\Application->findNamespace('ide-helper')
#1 C:\\Agrocalidad\\Aplicaciones\\interoperabilidad_intercom\\vendor\\symfony\\console\\Application.php(284): Symfony\\Component\\Console\\Application->find('ide-helper:gene...')
#2 C:\\Agrocalidad\\Aplicaciones\\interoperabilidad_intercom\\vendor\\symfony\\console\\Application.php(193): Symfony\\Component\\Console\\Application->doRun(Object(Symfony\\Component\\Console\\Input\\ArgvInput), Object(Symfony\\Component\\Console\\Output\\ConsoleOutput))
#3 C:\\Agrocalidad\\Aplicaciones\\interoperabilidad_intercom\\vendor\\laravel\\framework\\src\\Illuminate\\Foundation\\Console\\Kernel.php(197): Symfony\\Component\\Console\\Application->run(Object(Symfony\\Component\\Console\\Input\\ArgvInput), Object(Symfony\\Component\\Console\\Output\\ConsoleOutput))
#4 C:\\Agrocalidad\\Aplicaciones\\interoperabilidad_intercom\\vendor\\laravel\\framework\\src\\Illuminate\\Foundation\\Application.php(1205): Illuminate\\Foundation\\Console\\Kernel->handle(Object(Symfony\\Component\\Console\\Input\\ArgvInput), Object(Symfony\\Component\\Console\\Output\\ConsoleOutput))
#5 C:\\Agrocalidad\\Aplicaciones\\interoperabilidad_intercom\\artisan(13): Illuminate\\Foundation\\Application->handleCommand(Object(Symfony\\Component\\Console\\Input\\ArgvInput))
#6 {main}
"} 
[2025-10-03 02:02:46] local.ERROR: There are no commands defined in the "ide-helper" namespace. {"exception":"[object] (Symfony\\Component\\Console\\Exception\\NamespaceNotFoundException(code: 0): There are no commands defined in the \"ide-helper\" namespace. at C:\\Agrocalidad\\Aplicaciones\\interoperabilidad_intercom\\vendor\\symfony\\console\\Application.php:660)
[stacktrace]
#0 C:\\Agrocalidad\\Aplicaciones\\interoperabilidad_intercom\\vendor\\symfony\\console\\Application.php(709): Symfony\\Component\\Console\\Application->findNamespace('ide-helper')
#1 C:\\Agrocalidad\\Aplicaciones\\interoperabilidad_intercom\\vendor\\symfony\\console\\Application.php(284): Symfony\\Component\\Console\\Application->find('ide-helper:gene...')
#2 C:\\Agrocalidad\\Aplicaciones\\interoperabilidad_intercom\\vendor\\symfony\\console\\Application.php(193): Symfony\\Component\\Console\\Application->doRun(Object(Symfony\\Component\\Console\\Input\\ArgvInput), Object(Symfony\\Component\\Console\\Output\\ConsoleOutput))
#3 C:\\Agrocalidad\\Aplicaciones\\interoperabilidad_intercom\\vendor\\laravel\\framework\\src\\Illuminate\\Foundation\\Console\\Kernel.php(197): Symfony\\Component\\Console\\Application->run(Object(Symfony\\Component\\Console\\Input\\ArgvInput), Object(Symfony\\Component\\Console\\Output\\ConsoleOutput))
#4 C:\\Agrocalidad\\Aplicaciones\\interoperabilidad_intercom\\vendor\\laravel\\framework\\src\\Illuminate\\Foundation\\Application.php(1205): Illuminate\\Foundation\\Console\\Kernel->handle(Object(Symfony\\Component\\Console\\Input\\ArgvInput), Object(Symfony\\Component\\Console\\Output\\ConsoleOutput))
#5 C:\\Agrocalidad\\Aplicaciones\\interoperabilidad_intercom\\artisan(13): Illuminate\\Foundation\\Application->handleCommand(Object(Symfony\\Component\\Console\\Input\\ArgvInput))
#6 {main}
"} 
[2025-10-03 02:10:16] local.INFO: Error class IntercomCfeService: Undefined property: stdClass::$nombre_cientific  
[2025-10-03 02:10:16] local.INFO: Error class IntercomCfeService: Undefined property: stdClass::$nombre_cientific  
[2025-10-03 02:11:17] local.INFO: Error class IntercomCfeService: Undefined property: stdClass::$nombre_cientific  
[2025-10-03 02:11:17] local.INFO: Error class IntercomCfeService: Undefined property: stdClass::$nombre_cientific  
[2025-10-03 02:12:14] local.INFO: Error class IntercomCfeService: Undefined property: stdClass::$nombre_cientific  
[2025-10-03 02:12:14] local.INFO: Error class IntercomCfeService: Undefined property: stdClass::$nombre_cientific  
[2025-10-03 02:13:15] local.INFO: Error class IntercomCfeService: Undefined property: stdClass::$nombre_cientific  
[2025-10-03 02:13:15] local.INFO: Error class IntercomCfeService: Undefined property: stdClass::$nombre_cientific  
[2025-10-03 02:14:16] local.INFO: Error class IntercomCfeService: Undefined property: stdClass::$nombre_cientific  
[2025-10-03 02:14:16] local.INFO: Error class IntercomCfeService: Undefined property: stdClass::$nombre_cientific  
[2025-10-03 02:15:14] local.INFO: Error class IntercomCfeService: Undefined property: stdClass::$nombre_cientific  
[2025-10-03 02:15:14] local.INFO: Error class IntercomCfeService: Undefined property: stdClass::$nombre_cientific  
[2025-10-03 02:16:14] local.INFO: Error class IntercomCfeService: Undefined property: stdClass::$nombre_cientific  
[2025-10-03 02:16:14] local.INFO: Error class IntercomCfeService: Undefined property: stdClass::$nombre_cientific  
[2025-10-03 02:17:15] local.INFO: Error class IntercomCfeService: Undefined property: stdClass::$nombre_cientific  
[2025-10-03 02:17:15] local.INFO: Error class IntercomCfeService: Undefined property: stdClass::$nombre_cientific  
[2025-10-03 02:18:12] local.INFO: Error class IntercomCfeService: Undefined property: stdClass::$nombre_cientific  
[2025-10-03 02:18:13] local.INFO: Error class IntercomCfeService: Undefined property: stdClass::$nombre_cientific  
[2025-10-03 02:19:13] local.INFO: Error class IntercomCfeService: Undefined property: stdClass::$nombre_cientific  
[2025-10-03 02:19:13] local.INFO: Error class IntercomCfeService: Undefined property: stdClass::$nombre_cientific  
[2025-10-03 02:20:14] local.INFO: Error class IntercomCfeService: Undefined property: stdClass::$nombre_cientific  
[2025-10-03 02:20:14] local.INFO: Error class IntercomCfeService: Undefined property: stdClass::$nombre_cientific  
[2025-10-03 02:21:16] local.INFO: Error class IntercomCfeService: Undefined property: stdClass::$nombre_cientific  
[2025-10-03 02:21:16] local.INFO: Error class IntercomCfeService: Undefined property: stdClass::$nombre_cientific  
[2025-10-03 02:21:20] local.ERROR: There are no commands defined in the "ide-helper" namespace. {"exception":"[object] (Symfony\\Component\\Console\\Exception\\NamespaceNotFoundException(code: 0): There are no commands defined in the \"ide-helper\" namespace. at C:\\Agrocalidad\\Aplicaciones\\interoperabilidad_intercom\\vendor\\symfony\\console\\Application.php:660)
[stacktrace]
#0 C:\\Agrocalidad\\Aplicaciones\\interoperabilidad_intercom\\vendor\\symfony\\console\\Application.php(709): Symfony\\Component\\Console\\Application->findNamespace('ide-helper')
#1 C:\\Agrocalidad\\Aplicaciones\\interoperabilidad_intercom\\vendor\\symfony\\console\\Application.php(284): Symfony\\Component\\Console\\Application->find('ide-helper:gene...')
#2 C:\\Agrocalidad\\Aplicaciones\\interoperabilidad_intercom\\vendor\\symfony\\console\\Application.php(193): Symfony\\Component\\Console\\Application->doRun(Object(Symfony\\Component\\Console\\Input\\ArgvInput), Object(Symfony\\Component\\Console\\Output\\ConsoleOutput))
#3 C:\\Agrocalidad\\Aplicaciones\\interoperabilidad_intercom\\vendor\\laravel\\framework\\src\\Illuminate\\Foundation\\Console\\Kernel.php(197): Symfony\\Component\\Console\\Application->run(Object(Symfony\\Component\\Console\\Input\\ArgvInput), Object(Symfony\\Component\\Console\\Output\\ConsoleOutput))
#4 C:\\Agrocalidad\\Aplicaciones\\interoperabilidad_intercom\\vendor\\laravel\\framework\\src\\Illuminate\\Foundation\\Application.php(1205): Illuminate\\Foundation\\Console\\Kernel->handle(Object(Symfony\\Component\\Console\\Input\\ArgvInput), Object(Symfony\\Component\\Console\\Output\\ConsoleOutput))
#5 C:\\Agrocalidad\\Aplicaciones\\interoperabilidad_intercom\\artisan(13): Illuminate\\Foundation\\Application->handleCommand(Object(Symfony\\Component\\Console\\Input\\ArgvInput))
#6 {main}
"} 
[2025-10-03 02:22:15] local.ERROR: There are no commands defined in the "ide-helper" namespace. {"exception":"[object] (Symfony\\Component\\Console\\Exception\\NamespaceNotFoundException(code: 0): There are no commands defined in the \"ide-helper\" namespace. at C:\\Agrocalidad\\Aplicaciones\\interoperabilidad_intercom\\vendor\\symfony\\console\\Application.php:660)
[stacktrace]
#0 C:\\Agrocalidad\\Aplicaciones\\interoperabilidad_intercom\\vendor\\symfony\\console\\Application.php(709): Symfony\\Component\\Console\\Application->findNamespace('ide-helper')
#1 C:\\Agrocalidad\\Aplicaciones\\interoperabilidad_intercom\\vendor\\symfony\\console\\Application.php(284): Symfony\\Component\\Console\\Application->find('ide-helper:gene...')
#2 C:\\Agrocalidad\\Aplicaciones\\interoperabilidad_intercom\\vendor\\symfony\\console\\Application.php(193): Symfony\\Component\\Console\\Application->doRun(Object(Symfony\\Component\\Console\\Input\\ArgvInput), Object(Symfony\\Component\\Console\\Output\\ConsoleOutput))
#3 C:\\Agrocalidad\\Aplicaciones\\interoperabilidad_intercom\\vendor\\laravel\\framework\\src\\Illuminate\\Foundation\\Console\\Kernel.php(197): Symfony\\Component\\Console\\Application->run(Object(Symfony\\Component\\Console\\Input\\ArgvInput), Object(Symfony\\Component\\Console\\Output\\ConsoleOutput))
#4 C:\\Agrocalidad\\Aplicaciones\\interoperabilidad_intercom\\vendor\\laravel\\framework\\src\\Illuminate\\Foundation\\Application.php(1205): Illuminate\\Foundation\\Console\\Kernel->handle(Object(Symfony\\Component\\Console\\Input\\ArgvInput), Object(Symfony\\Component\\Console\\Output\\ConsoleOutput))
#5 C:\\Agrocalidad\\Aplicaciones\\interoperabilidad_intercom\\artisan(13): Illuminate\\Foundation\\Application->handleCommand(Object(Symfony\\Component\\Console\\Input\\ArgvInput))
#6 {main}
"} 
[2025-10-03 02:22:17] local.INFO: Error class IntercomCfeService: Undefined property: stdClass::$nombre_cientific  
[2025-10-03 02:22:17] local.INFO: Error class IntercomCfeService: Undefined property: stdClass::$nombre_cientific  
[2025-10-03 02:24:17] local.INFO: Error class IntercomCfeService: Undefined property: stdClass::$nombre_cientific  
[2025-10-03 02:24:17] local.INFO: Error class IntercomCfeService: Undefined property: stdClass::$nombre_cientific  
[2025-10-03 02:25:15] local.INFO: Error class IntercomCfeService: Undefined property: stdClass::$nombre_cientific  
[2025-10-03 02:25:15] local.INFO: Error class IntercomCfeService: Undefined property: stdClass::$nombre_cientific  
[2025-10-03 02:26:15] local.INFO: Error class IntercomCfeService: Undefined property: stdClass::$nombre_cientific  
[2025-10-03 02:26:15] local.INFO: Error class IntercomCfeService: Undefined property: stdClass::$nombre_cientific  
[2025-10-03 04:27:35] local.ERROR: There are no commands defined in the "ide-helper" namespace. {"exception":"[object] (Symfony\\Component\\Console\\Exception\\NamespaceNotFoundException(code: 0): There are no commands defined in the \"ide-helper\" namespace. at C:\\Agrocalidad\\Aplicaciones\\interoperabilidad_intercom\\vendor\\symfony\\console\\Application.php:660)
[stacktrace]
#0 C:\\Agrocalidad\\Aplicaciones\\interoperabilidad_intercom\\vendor\\symfony\\console\\Application.php(709): Symfony\\Component\\Console\\Application->findNamespace('ide-helper')
#1 C:\\Agrocalidad\\Aplicaciones\\interoperabilidad_intercom\\vendor\\symfony\\console\\Application.php(284): Symfony\\Component\\Console\\Application->find('ide-helper:gene...')
#2 C:\\Agrocalidad\\Aplicaciones\\interoperabilidad_intercom\\vendor\\symfony\\console\\Application.php(193): Symfony\\Component\\Console\\Application->doRun(Object(Symfony\\Component\\Console\\Input\\ArgvInput), Object(Symfony\\Component\\Console\\Output\\ConsoleOutput))
#3 C:\\Agrocalidad\\Aplicaciones\\interoperabilidad_intercom\\vendor\\laravel\\framework\\src\\Illuminate\\Foundation\\Console\\Kernel.php(197): Symfony\\Component\\Console\\Application->run(Object(Symfony\\Component\\Console\\Input\\ArgvInput), Object(Symfony\\Component\\Console\\Output\\ConsoleOutput))
#4 C:\\Agrocalidad\\Aplicaciones\\interoperabilidad_intercom\\vendor\\laravel\\framework\\src\\Illuminate\\Foundation\\Application.php(1205): Illuminate\\Foundation\\Console\\Kernel->handle(Object(Symfony\\Component\\Console\\Input\\ArgvInput), Object(Symfony\\Component\\Console\\Output\\ConsoleOutput))
#5 C:\\Agrocalidad\\Aplicaciones\\interoperabilidad_intercom\\artisan(13): Illuminate\\Foundation\\Application->handleCommand(Object(Symfony\\Component\\Console\\Input\\ArgvInput))
#6 {main}
"} 
[2025-10-03 04:30:13] local.INFO: Error class IntercomCfeService: Undefined property: stdClass::$nombre_cientific  
[2025-10-03 04:30:13] local.INFO: Error class IntercomCfeService: Undefined property: stdClass::$nombre_cientific  
